942
096  | Fri Nov 03 04:41:23 2017  C:\fastvps_monitoring\arcconf\arcconf.exe getconfig 1 
 3096  | Fri Nov 03 04:41:23 2017  Status: success, ReturnCode: 0x0
 2956  | Fri Nov 03 04:41:27 2017  C:\fastvps_monitoring\arcconf\arcconf.exe getconfig 1 ld 
 2956  | Fri Nov 03 04:41:28 2017  Status: success, ReturnCode: 0x0
 3060  | Fri Nov 03 04:41:58 2017  C:\fastvps_monitoring\arcconf\arcconf.exe getconfig 0 ld 
 3060  | Fri Nov 03 04:41:59 2017  Status: invalid adapter, ReturnCode: 0x6
 1484  | Fri Nov 03 04:42:01 2017  C:\fastvps_monitoring\arcconf\arcconf.exe getconfig 
 3372  | Fri Nov 03 04:42:14 2017  C:\fastvps_monitoring\arcconf\arcconf.exe getconfig ad 
 3372  | Fri Nov 03 04:42:14 2017  Status: invalid arguments, ReturnCode: 0x3
 3232  | Fri Nov 03 04:42:17 2017  C:\fastvps_monitoring\arcconf\arcconf.exe getconfig al 
 3232  | Fri Nov 03 04:42:17 2017  Status: invalid arguments, ReturnCode: 0x3
 3844  | Fri Nov 03 04:42:32 2017  C:\fastvps_monitoring\arcconf\arcconf.exe getconfig 1 ld 
 3844  | Fri Nov 03 04:42:32 2017  Status: success, ReturnCode: 0x0
 2680  | Fri Nov 03 04:42:59 2017  C:\fastvps_monitoring\arcconf\arcconf.exe getconfig 1 pd 
 2680  | Fri Nov 03 04:42:59 2017  Status: success, ReturnCode: 0x0
 1488  | Fri Nov 03 04:43:16 2017  C:\fastvps_monitoring\arcconf\arcconf.exe getconfig 1 pd 
 1488  | Fri Nov 03 04:43:16 2017  Status: success, ReturnCode: 0x0
 3840  | Fri Nov 03 04:44:15 2017  C:\fastvps_monitoring\arcconf\arcconf.exe getconfig 1 pd 
 3840  | Fri Nov 03 04:44:15 2017  Status: success, ReturnCode: 0x0
 2252  | Fri Nov 03 04:44:19 2017  C:\fastvps_monitoring\arcconf\arcconf.exe help 
 3144  | Fri Nov 03 04:47:20 2017  C:\fastvps_monitoring\arcconf\arcconf.exe getlog 
 2496  | Fri Nov 03 04:47:23 2017  C:\fastvps_monitoring\arcconf\arcconf.exe getlogs 
 1496  | Fri Nov 03 04:47:41 2017  C:\fastvps_monitoring\arcconf\arcconf.exe getlogs 5 
 1496  | Fri Nov 03 04:47:41 2017  Status: invalid arguments, ReturnCode: 0x3
 2532  | Fri Nov 03 04:47:51 2017  C:\fastvps_monitoring\arcconf\arcconf.exe getlogs ErrorType 6 
 2532  | Fri Nov 03 04:47:51 2017  Status: invalid arguments, ReturnCode: 0x3
 3700  | Fri Nov 03 04:48:13 2017  C:\fastvps_monitoring\arcconf\arcconf.exe list 
 3700  | Fri Nov 03 04:48:14 2017  Status: success, ReturnCode: 0x0
 1808  | Fri Nov 03 04:49:34 2017  C:\fastvps_monitoring\arcconf\arcconf.exe GETSTATUS 
 1448  | Fri Nov 03 04:49:39 2017  C:\fastvps_monitoring\arcconf\arcconf.exe GETSTATUS 1 
 1448  | Fri Nov 03 04:49:39 2017  Status: success, ReturnCode: 0x0
 2324  | Fri Nov 03 04:50:11 2017  C:\fastvps_monitoring\arcconf\arcconf.exe GETCONFIG 1 
 2324  | Fri Nov 03 04:50:11 2017  Status: success, ReturnCode: 0x0
 3336  | Fri Nov 03 04:50:23 2017  C:\fastvps_monitoring\arcconf\arcconf.exe GETCONFIG 1 ld help 
 3336  | Fri Nov 03 04:50:23 2017  Status: invalid arguments, ReturnCode: 0x3
 2100  | Fri Nov 03 04:50:32 2017  C:\fastvps_monitoring\arcconf\arcconf.exe GETCONFIG 1 ld 0 
 2100  | Fri Nov 03 04:50:32 2017  Status: success, ReturnCode: 0x0
 1420  | Fri Nov 03 04:51:03 2017  C:\fastvps_monitoring\arcconf\arcconf.exe GETCONFIG 1 ld 
 1420  | Fri Nov 03 04:51:03 2017  Status: success, ReturnCode: 0x0
 3772  | Fri Nov 03 04:51:29 2017  C:\fastvps_monitoring\arcconf\arcconf.exe GETCONFIG 1 ld 
 3772  | Fri Nov 03 04:51:29 2017  Status: success, ReturnCode: 0x0
 3232  | Fri Nov 03 04:53:57 2017  C:\fastvps_monitoring\arcconf\arcconf.exe getconfig 1 ld 
 3232  | Fri Nov 03 04:53:57 2017  Status: success, ReturnCode: 0x0
 3720  | Fri Nov 03 04:54:19 2017  C:\fastvps_monitoring\arcconf\arcconf.exe getconfig 1 ld 
 3720  | Fri Nov 03 04:54:19 2017  Status: success, ReturnCode: 0x0
 1084  | Fri Nov 03 04:55:30 2017  C:\fastvps_monitoring\arcconf\arcconf.exe getconfig 1 ld 
 1084  | Fri Nov 03 04:55:30 2017  Status: success, ReturnCode: 0x0
 4012  | Fri Nov 03 04:55:56 2017  C:\fastvps_monitoring\arcconf\arcconf.exe getconfig 1 ld 
 4012  | Fri Nov 03 04:55:56 2017  Status: success, ReturnCode: 0x0
 2880  | Fri Nov 03 04:56:19 2017  C:\fastvps_monitoring\arcconf\arcconf.exe getconfig 1 ld 
 2880  | Fri Nov 03 04:56:19 2017  Status: success, ReturnCode: 0x0
 3248  | Fri Nov 03 04:56:51 2017  C:\fastvps_monitoring\arcconf\arcconf.exe getconfig 1 ld 
 3248  | Fri Nov 03 04:56:52 2017  Status: success, ReturnCode: 0x0
 4060  | Fri Nov 03 04:59:05 2017  C:\fastvps_monitoring\arcconf\arcconf.exe GETCONFIG LD 
 4060  | Fri Nov 03 04:59:05 2017  Status: invalid arguments, ReturnCode: 0x3
 2068  | Fri Nov 03 05:05:07 2017  C:\fastvps_monitoring\arcconf\arcconf.exe GETCONFIG 1 LD 0 
 2068  | Fri Nov 03 05:05:07 2017  Status: success, ReturnCode: 0x0
 3280  | Fri Nov 03 05:27:38 2017  C:\fastvps_monitoring\arcconf\arcconf.exe GETCONFIG 1 LD 0 
 3280  | Fri Nov 03 05:27:38 2017  Status: success, ReturnCode: 0x0
 3764  | Fri Nov 03 05:29:44 2017  C:\fastvps_monitoring\arcconf\arcconf.exe GETCONFIG 1 LD 
 3764  | Fri Nov 03 05:29:44 2017  Status: success, ReturnCode: 0x0
 3756  | Fri Nov 03 05:29:49 2017  C:\fastvps_monitoring\arcconf\arcconf.exe GETCONFIG 1 LD 0 
 3756  | Fri Nov 03 05:29:49 2017  Status: success, ReturnCode: 0x0
 3336  | Fri Nov 03 05:33:50 2017  C:\fastvps_monitoring\arcconf\arcconf.exe GETCONFIG 1 LD 0 
 3336  | Fri Nov 03 05:33:51 2017  Status: success, ReturnCode: 0x0
 3492  | Fri Nov 03 05:34:08 2017  C:\fastvps_monitoring\arcconf\arcconf.exe GETCONFIG 1 LD 0 
 3492  | Fri Nov 03 05:34:09 2017  Status: success, ReturnCode: 0x0
 3236  | Fri Nov 03 05:49:03 2017  C:\fastvps_monitoring\arcconf\arcconf.exe getlogs 1 
 3236  | Fri Nov 03 05:49:04 2017  Status: invalid arguments, ReturnCode: 0x3
 2176  | Fri Nov 03 05:50:15 2017  C:\fastvps_monitoring\arcconf\arcconf.exe getlogs 1 DEVICE 
 2176  | Fri Nov 03 05:50:15 2017  Status: success, ReturnCode: 0x0
 3828  | Fri Nov 03 05:50:55 2017  C:\fastvps_monitoring\arcconf\arcconf.exe help 
 3240  | Fri Nov 03 05:51:19 2017  C:\fastvps_monitoring\arcconf\arcconf.exe GETEXCEPTION help 
 3240  | Fri Nov 03 05:51:19 2017  Status: invalid arguments, ReturnCode: 0x3
 2484  | Fri Nov 03 05:51:34 2017  C:\fastvps_monitoring\arcconf\arcconf.exe GETEXCEPTION 1 LD 
 2484  | Fri Nov 03 05:51:34 2017  Status: success, ReturnCode: 0x0
 2368  | Fri Nov 03 05:51:50 2017  C:\fastvps_monitoring\arcconf\arcconf.exe GETEXCEPTION 1 4 
 2368  | Fri Nov 03 05:51:50 2017  Status: invalid arguments, ReturnCode: 0x3
 904  | Fri Nov 03 05:51:55 2017  C:\fastvps_monitoring\arcconf\arcconf.exe GETEXCEPTION 1 al 
 904  | Fri Nov 03 05:51:56 2017  Status: success, ReturnCode: 0x0
 2012  | Fri Nov 03 05:55:26 2017  C:\fastvps_monitoring\arcconf\arcconf.exe GETCONFIG 1 LD 
 2012  | Fri Nov 03 05:55:27 2017  Status: success, ReturnCode: 0x0
 400  | Fri Nov 03 05:55:27 2017  C:\fastvps_monitoring\arcconf\arcconf.exe GETCONFIG 1 LD 0 
 400  | Fri Nov 03 05:55:27 2017  Status: success, ReturnCode: 0x0
 932  | Fri Nov 03 05:57:52 2017  C:\fastvps_monitoring\arcconf\arcconf.exe GETCONFIG 1 LD 
 932  | Fri Nov 03 05:57:52 2017  Status: success, ReturnCode: 0x0
 2084  | Fri Nov 03 05:57:52 2017  C:\fastvps_monitoring\arcconf\arcconf.exe GETCONFIG 1 LD 0 
 2084  | Fri Nov 03 05:57:52 2017  Status: success, ReturnCode: 0x0
 2068  | Fri Nov 03 05:58:34 2017  C:\fastvps_monitoring\arcconf\arcconf.exe GETCONFIG 1 LD 
 2068  | Fri Nov 03 05:58:34 2017  Status: success, ReturnCode: 0x0
 3468  | Fri Nov 03 05:58:34 2017  C:\fastvps_monitoring\arcconf\arcconf.exe GETCONFIG 1 LD 0 
 3468  | Fri Nov 03 05:58:34 2017  Status: success, ReturnCode: 0x0
 148  | Fri Nov 03 05:59:39 2017  C:\fastvps_monitoring\arcconf\arcconf.exe GETCONFIG 1 LD 
 148  | Fri Nov 03 05:59:40 2017  Status: success, ReturnCode: 0x0
 1488  | Fri Nov 03 05:59:40 2017  C:\fastvps_monitoring\arcconf\arcconf.exe GETCONFIG 1 LD 0 
 1488  | Fri Nov 03 05:59:40 2017  Status: success, ReturnCode: 0x0
 2096  | Fri Nov 03 06:01:16 2017  C:\fastvps_monitoring\arcconf\arcconf.exe GETCONFIG 1 LD 
 2096  | Fri Nov 03 06:01:16 2017  Status: success, ReturnCode: 0x0
 3992  | Fri Nov 03 06:01:16 2017  C:\fastvps_monitoring\arcconf\arcconf.exe GETCONFIG 1 LD 0 
 3992  | Fri Nov 03 06:01:16 2017  Status: success, ReturnCode: 0x0
 3616  | Fri Nov 03 06:01:47 2017  C:\fastvps_monitoring\arcconf\arcconf.exe GETCONFIG 1 LD 
 3616  | Fri Nov 03 06:01:47 2017  Status: success, ReturnCode: 0x0
 4016  | Fri Nov 03 06:01:47 2017  C:\fastvps_monitoring\arcconf\arcconf.exe GETCONFIG 1 LD 0 
 4016  | Fri Nov 03 06:01:47 2017  Status: success, ReturnCode: 0x0
 2556  | Fri Nov 03 06:02:09 2017  C:\fastvps_monitoring\arcconf\arcconf.exe GETCONFIG 1 LD 
 2556  | Fri Nov 03 06:02:09 2017  Status: success, ReturnCode: 0x0
 904  | Fri Nov 03 06:02:09 2017  C:\fastvps_monitoring\arcconf\arcconf.exe GETCONFIG 1 LD 0 
 904  | Fri Nov 03 06:02:09 2017  Status: success, ReturnCode: 0x0
 2444  | Fri Nov 03 06:08:53 2017  C:\fastvps_monitoring\arcconf\arcconf.exe GETCONFIG 1 LD 
 2444  | Fri Nov 03 06:08:53 2017  Status: success, ReturnCode: 0x0
 3304  | Fri Nov 03 06:08:53 2017  C:\fastvps_monitoring\arcconf\arcconf.exe GETCONFIG 1 LD 0 
 3304  | Fri Nov 03 06:08:53 2017  Status: success, ReturnCode: 0x0
 3508  | Fri Nov 03 06:13:40 2017  C:\fastvps_monitoring\arcconf\arcconf.exe GETCONFIG 1 LD 
 3508  | Fri Nov 03 06:13:40 2017  Status: success, ReturnCode: 0x0
 904  | Fri Nov 03 06:13:41 2017  C:\fastvps_monitoring\arcconf\arcconf.exe GETCONFIG 1 LD 0 
 904  | Fri Nov 03 06:13:41 2017  Status: success, ReturnCode: 0x0
 4000  | Fri Nov 03 06:22:32 2017  C:\cmdline\ARCCONF.EXE getsmartstats 1 
 4000  | Fri Nov 03 06:22:32 2017  Status: success, ReturnCode: 0x0
 3144  | Fri Nov 03 07:14:58 2017  C:\cmdline\ARCCONF.EXE getsmartstats 1 
 3144  | Fri Nov 03 07:14:58 2017  Status: success, ReturnCode: 0x0
 3852  | Fri Nov 03 07:22:23 2017  C:\cmdline\ARCCONF.EXE getsmartstats 1 
 3852  | Fri Nov 03 07:22:24 2017  Status: success, ReturnCode: 0x0
 3316  | Fri Nov 03 08:02:04 2017  C:\fastvps_monitoring\arcconf\arcconf.exe getconfig 1 ld 
 3316  | Fri Nov 03 08:02:04 2017  Status: success, ReturnCode: 0x0
 4080  | Fri Nov 03 08:02:34 2017  C:\fastvps_monitoring\arcconf\arcconf.exe getconfig 1 help 
 4080  | Fri Nov 03 08:02:35 2017  Status: invalid arguments, ReturnCode: 0x3
 1956  | Fri Nov 03 08:02:53 2017  C:\fastvps_monitoring\arcconf\arcconf.exe getconfig 1 pd 
 1956  | Fri Nov 03 08:02:53 2017  Status: success, ReturnCode: 0x0
 1924  | Fri Nov 03 08:07:09 2017  C:\fastvps_monitoring\arcconf\arcconf.exe GETCONFIG 1 PD 
 1924  | Fri Nov 03 08:07:10 2017  Status: success, ReturnCode: 0x0
 904  | Fri Nov 03 08:08:32 2017  C:\fastvps_monitoring\arcconf\arcconf.exe GETCONFIG 1 PD 
 904  | Fri Nov 03 08:08:32 2017  Status: success, ReturnCode: 0x0
 2432  | Fri Nov 03 08:11:32 2017  C:\fastvps_monitoring\arcconf\arcconf.exe GETCONFIG 1 PD 
 2432  | Fri Nov 03 08:11:32 2017  Status: success, ReturnCode: 0x0
 2876  | Fri Nov 03 08:12:48 2017  C:\fastvps_monitoring\arcconf\arcconf.exe GETCONFIG 1 PD 
 2876  | Fri Nov 03 08:12:49 2017  Status: success, ReturnCode: 0x0
 1488  | Fri Nov 03 08:18:07 2017  C:\fastvps_monitoring\arcconf\arcconf.exe getconfig 1 pd 
 1488  | Fri Nov 03 08:18:08 2017  Status: success, ReturnCode: 0x0
 2808  | Fri Nov 03 08:18:19 2017  C:\fastvps_monitoring\arcconf\arcconf.exe getconfig 1 pd help 
 2808  | Fri Nov 03 08:18:19 2017  Status: invalid arguments, ReturnCode: 0x3
 3004  | Fri Nov 03 08:20:13 2017  C:\cmdline\ARCCONF.EXE getconfig 1 pd 
 3004  | Fri Nov 03 08:20:13 2017  Status: success, ReturnCode: 0x0
 148  | Fri Nov 03 08:22:35 2017  C:\fastvps_monitoring\arcconf\arcconf.exe getconfig 1 pd 
 148  | Fri Nov 03 08:22:35 2017  Status: success, ReturnCode: 0x0
 1836  | Fri Nov 03 08:22:39 2017  C:\fastvps_monitoring\arcconf\arcconf.exe getconfig 1 pd help 
 1836  | Fri Nov 03 08:22:39 2017  Status: invalid arguments, ReturnCode: 0x3
 2392  | Fri Nov 03 08:22:51 2017  C:\fastvps_monitoring\arcconf\arcconf.exe getconfig 1 al 
 2392  | Fri Nov 03 08:22:51 2017  Status: success, ReturnCode: 0x0
 2388  | Fri Nov 03 08:23:38 2017  C:\fastvps_monitoring\arcconf\arcconf.exe getconfig 1 pd 
 2388  | Fri Nov 03 08:23:39 2017  Status: success, ReturnCode: 0x0
 2256  | Fri Nov 03 08:32:51 2017  C:\cmdline\ARCCONF.EXE getconfig 1 pd 
 2256  | Fri Nov 03 08:32:51 2017  Status: success, ReturnCode: 0x0
 3488  | Fri Nov 03 08:42:02 2017  C:\fastvps_monitoring\arcconf\arcconf.exe getconfig 1 
 3488  | Fri Nov 03 08:42:02 2017  Status: success, ReturnCode: 0x0
 4028  | Fri Nov 03 08:42:19 2017  C:\fastvps_monitoring\arcconf\arcconf.exe getconfig 1 
 4028  | Fri Nov 03 08:42:19 2017  Status: success, ReturnCode: 0x0
 392  | Fri Nov 03 08:51:48 2017  C:\fastvps_monitoring\arcconf\arcconf.exe getconfig 1 
 392  | Fri Nov 03 08:51:49 2017  Status: success, ReturnCode: 0x0
 3656  | Fri Nov 03 08:52:12 2017  C:\fastvps_monitoring\arcconf\arcconf.exe getconfig 1 
 3656  | Fri Nov 03 08:52:12 2017  Status: success, ReturnCode: 0x0
 200  | Fri Nov 03 08:52:19 2017  C:\fastvps_monitoring\arcconf\arcconf.exe getconfig 1 pd 
 200  | Fri Nov 03 08:52:19 2017  Status: success, ReturnCode: 0x0
 2592  | Fri Nov 03 08:53:15 2017  C:\fastvps_monitoring\arcconf\arcconf.exe getconfig 1 pd 
 2592  | Fri Nov 03 08:53:15 2017  Status: success, ReturnCode: 0x0
 3856  | Fri Nov 03 08:53:59 2017  C:\fastvps_monitoring\arcconf\arcconf.exe getconfig 1 pd 
 3856  | Fri Nov 03 08:53:59 2017  Status: success, ReturnCode: 0x0
 188  | Fri Nov 03 08:54:14 2017  C:\fastvps_monitoring\arcconf\arcconf.exe getconfig 1 pd 
 188  | Fri Nov 03 08:54:14 2017  Status: success, ReturnCode: 0x0
 1536  | Fri Nov 03 08:54:25 2017  C:\fastvps_monitoring\arcconf\arcconf.exe getconfig 1 pd 
 1536  | Fri Nov 03 08:54:26 2017  Status: success, ReturnCode: 0x0
 208  | Fri Nov 03 08:54:54 2017  C:\fastvps_monitoring\arcconf\arcconf.exe getconfig 1 pd 
 208  | Fri Nov 03 08:54:54 2017  Status: success, ReturnCode: 0x0
 2444  | Fri Nov 03 08:56:51 2017  C:\fastvps_monitoring\arcconf\arcconf.exe getconfig 1 pd 
 2444  | Fri Nov 03 08:56:51 2017  Status: success, ReturnCode: 0x0
 872  | Fri Nov 03 08:56:56 2017  C:\fastvps_monitoring\arcconf\arcconf.exe getconfig 1 pd 
 872  | Fri Nov 03 08:56:56 2017  Status: success, ReturnCode: 0x0
 3992  | Fri Nov 03 08:57:11 2017  C:\fastvps_monitoring\arcconf\arcconf.exe getconfig 1 pd 
 3992  | Fri Nov 03 08:57:11 2017  Status: success, ReturnCode: 0x0
 2200  | Fri Nov 03 08:57:43 2017  C:\fastvps_monitoring\arcconf\arcconf.exe getconfig 1 pd 
 2200  | Fri Nov 03 08:57:43 2017  Status: success, ReturnCode: 0x0
 2656  | Fri Nov 03 08:58:29 2017  C:\fastvps_monitoring\arcconf\arcconf.exe getconfig 1 pd 
 2656  | Fri Nov 03 08:58:29 2017  Status: success, ReturnCode: 0x0
 2564  | Fri Nov 03 08:58:50 2017  C:\fastvps_monitoring\arcconf\arcconf.exe getconfig 1 pd 
 2564  | Fri Nov 03 08:58:50 2017  Status: success, ReturnCode: 0x0
 2776  | Fri Nov 03 08:59:18 2017  C:\fastvps_monitoring\arcconf\arcconf.exe getconfig 1 pd 
 2776  | Fri Nov 03 08:59:19 2017  Status: success, ReturnCode: 0x0
 2460  | Fri Nov 03 08:59:43 2017  C:\fastvps_monitoring\arcconf\arcconf.exe getconfig 1 pd 
 2460  | Fri Nov 03 08:59:43 2017  Status: success, ReturnCode: 0x0
 3508  | Fri Nov 03 09:00:14 2017  C:\fastvps_monitoring\arcconf\arcconf.exe getconfig 1 pd 
 3508  | Fri Nov 03 09:00:14 2017  Status: success, ReturnCode: 0x0
 1864  | Fri Nov 03 09:00:38 2017  C:\fastvps_monitoring\arcconf\arcconf.exe getconfig 1 pd 
 1864  | Fri Nov 03 09:00:38 2017  Status: success, ReturnCode: 0x0
 2100  | Fri Nov 03 09:01:48 2017  C:\fastvps_monitoring\arcconf\arcconf.exe getconfig 1 pd 
 2100  | Fri Nov 03 09:01:49 2017  Status: success, ReturnCode: 0x0
 2592  | Fri Nov 03 09:01:55 2017  C:\fastvps_monitoring\arcconf\arcconf.exe getconfig 1 pd 
 2592  | Fri Nov 03 09:01:55 2017  Status: success, ReturnCode: 0x0
 2808  | Fri Nov 03 09:02:21 2017  C:\fastvps_monitoring\arcconf\arcconf.exe getconfig 1 pd 
 2808  | Fri Nov 03 09:02:21 2017  Status: success, ReturnCode: 0x0
 4012  | Fri Nov 03 09:02:31 2017  C:\fastvps_monitoring\arcconf\arcconf.exe getconfig 1 pd 
 4012  | Fri Nov 03 09:02:31 2017  Status: success, ReturnCode: 0x0
 2136  | Fri Nov 03 09:02:47 2017  C:\fastvps_monitoring\arcconf\arcconf.exe getconfig 1 pd 
 2136  | Fri Nov 03 09:02:47 2017  Status: success, ReturnCode: 0x0
 2152  | Fri Nov 03 09:02:59 2017  C:\fastvps_monitoring\arcconf\arcconf.exe getconfig 1 pd 
 2152  | Fri Nov 03 09:02:59 2017  Status: success, ReturnCode: 0x0
 3088  | Fri Nov 03 09:04:09 2017  C:\fastvps_monitoring\arcconf\arcconf.exe getconfig 1 pd 
 3088  | Fri Nov 03 09:04:09 2017  Status: success, ReturnCode: 0x0
 4080  | Fri Nov 03 09:07:39 2017  C:\cmdline\ARCCONF.EXE getsmartstats 1 
 4080  | Fri Nov 03 09:07:39 2017  Status: success, ReturnCode: 0x0
 2568  | Fri Nov 03 09:11:23 2017  C:\fastvps_monitoring\arcconf\arcconf.exe getconfig 1 pd 
 2568  | Fri Nov 03 09:11:23 2017  Status: success, ReturnCode: 0x0
 864  | Fri Nov 03 09:11:43 2017  C:\fastvps_monitoring\arcconf\arcconf.exe getconfig 1 pd 
 864  | Fri Nov 03 09:11:43 2017  Status: success, ReturnCode: 0x0
 3976  | Fri Nov 03 09:12:12 2017  C:\cmdline\ARCCONF.EXE getsmartstats 1 
 3976  | Fri Nov 03 09:12:12 2017  Status: success, ReturnCode: 0x0
 1580  | Fri Nov 03 09:12:58 2017  C:\cmdline\ARCCONF.EXE getconfig 1 pd 
 1580  | Fri Nov 03 09:12:59 2017  Status: success, ReturnCode: 0x0
 2312  | Fri Nov 03 09:15:49 2017  C:\fastvps_monitoring\arcconf\arcconf.exe getconfig 1 pd 
 2312  | Fri Nov 03 09:15:49 2017  Status: success, ReturnCode: 0x0
 3752  | Fri Nov 03 09:20:30 2017  C:\cmdline\ARCCONF.EXE getconfig 1 pd 
 3752  | Fri Nov 03 09:20:30 2017  Status: success, ReturnCode: 0x0
 3608  | Fri Nov 03 09:21:09 2017  C:\cmdline\ARCCONF.EXE getconfig 1 pd 
 3608  | Fri Nov 03 09:21:09 2017  Status: success, ReturnCode: 0x0
 1464  | Fri Nov 03 09:21:26 2017  C:\cmdline\ARCCONF.EXE getconfig 1 pd 
 1464  | Fri Nov 03 09:21:26 2017  Status: success, ReturnCode: 0x0
 3856  | Fri Nov 03 09:22:25 2017  C:\cmdline\ARCCONF.EXE getconfig 1 pd 
 3856  | Fri Nov 03 09:22:25 2017  Status: success, ReturnCode: 0x0
 3956  | Fri Nov 03 09:26:11 2017  C:\fastvps_monitoring\arcconf\arcconf.exe getconfig 1 
 3956  | Fri Nov 03 09:26:11 2017  Status: success, ReturnCode: 0x0
 3672  | Fri Nov 03 09:26:25 2017  C:\fastvps_monitoring\arcconf\arcconf.exe getconfig 1 
 3672  | Fri Nov 03 09:26:26 2017  Status: success, ReturnCode: 0x0
 3024  | Fri Nov 03 09:29:03 2017  C:\cmdline\ARCCONF.EXE getconfig 1 pd 
 3024  | Fri Nov 03 09:29:03 2017  Status: success, ReturnCode: 0x0
 3656  | Fri Nov 03 09:29:47 2017  C:\fastvps_monitoring\arcconf\arcconf.exe getconfig 1 
 3656  | Fri Nov 03 09:29:47 2017  Status: success, ReturnCode: 0x0
 2556  | Fri Nov 03 09:30:01 2017  C:\fastvps_monitoring\arcconf\arcconf.exe getconfig 1 
 2556  | Fri Nov 03 09:30:01 2017  Status: success, ReturnCode: 0x0
 3508  | Fri Nov 03 09:30:09 2017  C:\fastvps_monitoring\arcconf\arcconf.exe getconfig 1 
 3508  | Fri Nov 03 09:30:09 2017  Status: success, ReturnCode: 0x0
 3064  | Fri Nov 03 09:30:19 2017  C:\fastvps_monitoring\arcconf\arcconf.exe getconfig 1 pd 
 3064  | Fri Nov 03 09:30:19 2017  Status: success, ReturnCode: 0x0
 2808  | Fri Nov 03 09:30:59 2017  C:\fastvps_monitoring\arcconf\arcconf.exe getconfig 1 pd 
 2808  | Fri Nov 03 09:30:59 2017  Status: success, ReturnCode: 0x0
 188  | Fri Nov 03 09:33:02 2017  C:\fastvps_monitoring\arcconf\arcconf.exe getconfig 1 pd 
 188  | Fri Nov 03 09:33:02 2017  Status: success, ReturnCode: 0x0
 2072  | Fri Nov 03 09:34:33 2017  C:\fastvps_monitoring\arcconf\arcconf.exe getconfig 1 pd 
 2072  | Fri Nov 03 09:34:33 2017  Status: success, ReturnCode: 0x0
 3968  | Fri Nov 03 09:38:06 2017  C:\fastvps_monitoring\arcconf\arcconf.exe getconfig 1 
 3968  | Fri Nov 03 09:38:06 2017  Status: success, ReturnCode: 0x0
 2204  | Fri Nov 03 09:39:22 2017  C:\fastvps_monitoring\arcconf\arcconf.exe getconfig 1 pd 
 2204  | Fri Nov 03 09:39:22 2017  Status: success, ReturnCode: 0x0
 1964  | Fri Nov 03 09:39:26 2017  C:\fastvps_monitoring\arcconf\arcconf.exe getconfig 1 pd 
 1964  | Fri Nov 03 09:39:26 2017  Status: success, ReturnCode: 0x0
 2212  | Fri Nov 03 09:40:05 2017  C:\fastvps_monitoring\arcconf\arcconf.exe getconfig 1 pd 
 2212  | Fri Nov 03 09:40:05 2017  Status: success, ReturnCode: 0x0
 2556  | Fri Nov 03 09:40:10 2017  C:\fastvps_monitoring\arcconf\arcconf.exe getconfig 1 pd 
 2556  | Fri Nov 03 09:40:10 2017  Status: success, ReturnCode: 0x0
 1448  | Fri Nov 03 09:43:37 2017  C:\fastvps_monitoring\arcconf\arcconf.exe getconfig 1 pd 
 1448  | Fri Nov 03 09:43:37 2017  Status: success, ReturnCode: 0x0
 3552  | Fri Nov 03 09:43:41 2017  C:\fastvps_monitoring\arcconf\arcconf.exe getconfig 1 pd 
 3552  | Fri Nov 03 09:43:42 2017  Status: success, ReturnCode: 0x0
 2084  | Fri Nov 03 10:00:33 2017  C:\fastvps_monitoring\arcconf\arcconf.exe 
 3280  | Fri Nov 03 10:01:24 2017  C:\fastvps_monitoring\arcconf\arcconf.exe getconfig 
 3024  | Fri Nov 03 10:01:34 2017  C:\fastvps_monitoring\arcconf\arcconf.exe GETCONFIG 1 PD 
 3024  | Fri Nov 03 10:01:35 2017  Status: success, ReturnCode: 0x0
 2564  | Fri Nov 03 10:05:17 2017  C:\fastvps_monitoring\arcconf\arcconf.exe getconfig 1 ld 
 2564  | Fri Nov 03 10:05:18 2017  Status: success, ReturnCode: 0x0
 3364  | Fri Nov 03 10:05:36 2017  C:\fastvps_monitoring\arcconf\arcconf.exe getconfig 1 pd 
 3364  | Fri Nov 03 10:05:36 2017  Status: success, ReturnCode: 0x0
 2248  | Fri Nov 03 10:08:42 2017  C:\fastvps_monitoring\arcconf\arcconf.exe getconfig 1 pd 
 2248  | Fri Nov 03 10:08:42 2017  Status: success, ReturnCode: 0x0
 2808  | Fri Nov 03 10:10:20 2017  C:\fastvps_monitoring\arcconf\arcconf.exe getconfig 1 pd 
 2808  | Fri Nov 03 10:10:20 2017  Status: success, ReturnCode: 0x0
 3376  | Fri Nov 03 10:11:09 2017  C:\fastvps_monitoring\arcconf\arcconf.exe getconfig 1 ld 
 3376  | Fri Nov 03 10:11:09 2017  Status: success, ReturnCode: 0x0
 3608  | Fri Nov 03 10:13:17 2017  C:\fastvps_monitoring\arcconf\arcconf.exe getconfig 1 al 
 3608  | Fri Nov 03 10:13:17 2017  Status: success, ReturnCode: 0x0
 2428  | Fri Nov 03 10:15:57 2017  C:\fastvps_monitoring\arcconf\arcconf.exe getconfig 1 ld 1 
 2428  | Fri Nov 03 10:15:57 2017  Status: success, ReturnCode: 0x0
 1208  | Fri Nov 03 10:16:02 2017  C:\fastvps_monitoring\arcconf\arcconf.exe getconfig 1 ld 
 1208  | Fri Nov 03 10:16:02 2017  Status: success, ReturnCode: 0x0
 2248  | Fri Nov 03 10:16:05 2017  C:\fastvps_monitoring\arcconf\arcconf.exe getconfig 1 ld 0 
 2248  | Fri Nov 03 10:16:05 2017  Status: success, ReturnCode: 0x0
 1492  | Fri Nov 03 10:17:59 2017  C:\fastvps_monitoring\arcconf\arcconf.exe GETCONFIG 1 LD 
 1492  | Fri Nov 03 10:17:59 2017  Status: success, ReturnCode: 0x0
 2808  | Fri Nov 03 10:18:07 2017  C:\fastvps_monitoring\arcconf\arcconf.exe GETCONFIG 1 LD 0 
 2808  | Fri Nov 03 10:18:08 2017  Status: success, ReturnCode: 0x0
 2968  | Fri Nov 03 10:19:14 2017  C:\fastvps_monitoring\arcconf\arcconf.exe GETCONFIG 1 LD 
 2968  | Fri Nov 03 10:19:14 2017  Status: success, ReturnCode: 0x0
 2640  | Fri Nov 03 10:19:15 2017  C:\fastvps_monitoring\arcconf\arcconf.exe GETCONFIG 1 LD 0 
 2640  | Fri Nov 03 10:19:15 2017  Status: success, ReturnCode: 0x0
 3800  | Fri Nov 03 10:35:37 2017  C:\fastvps_monitoring\arcconf\arcconf.exe getconfig 1 ld 0 
 3800  | Fri Nov 03 10:35:37 2017  Status: success, ReturnCode: 0x0
 568  | Fri Nov 03 10:41:20 2017  C:\fastvps_monitoring\arcconf\arcconf.exe GETCONFIG 1 LD 
 568  | Fri Nov 03 10:41:21 2017  Status: success, ReturnCode: 0x0
 204  | Fri Nov 03 10:41:24 2017  C:\fastvps_monitoring\arcconf\arcconf.exe GETCONFIG 1 LD 0 
 204  | Fri Nov 03 10:41:24 2017  Status: success, ReturnCode: 0x0
 3344  | Fri Nov 03 11:51:28 2017  C:\cmdline\ARCCONF.EXE getsmartstats 1 
 3344  | Fri Nov 03 11:51:28 2017  Status: success, ReturnCode: 0x0
 864  | Fri Nov 03 11:52:03 2017  C:\cmdline\ARCCONF.EXE getsmartstats 1 
 864  | Fri Nov 03 11:52:04 2017  Status: success, ReturnCode: 0x0
 2096  | Fri Nov 03 11:52:59 2017  C:\cmdline\ARCCONF.EXE getsmartstats 1 
 2096  | Fri Nov 03 11:52:59 2017  Status: success, ReturnCode: 0x0
 1572  | Fri Nov 03 11:58:13 2017  C:\fastvps_monitoring\arcconf\arcconf.exe getconfig ld 0 
 1572  | Fri Nov 03 11:58:13 2017  Status: invalid arguments, ReturnCode: 0x3
 3112  | Fri Nov 03 11:58:19 2017  C:\fastvps_monitoring\arcconf\arcconf.exe getconfig 1 ld 0 
 3112  | Fri Nov 03 11:58:19 2017  Status: success, ReturnCode: 0x0
 3844  | Fri Nov 03 12:00:28 2017  C:\fastvps_monitoring\arcconf\arcconf.exe getconfig 1 al 
 3844  | Fri Nov 03 12:00:28 2017  Status: success, ReturnCode: 0x0
 3344  | Fri Nov 03 12:01:19 2017  C:\fastvps_monitoring\arcconf\arcconf.exe getconfig 1 pd 
 3344  | Fri Nov 03 12:01:20 2017  Status: success, ReturnCode: 0x0
 2136  | Fri Nov 03 12:01:34 2017  C:\fastvps_monitoring\arcconf\arcconf.exe getconfig 1 ld 0 
 2136  | Fri Nov 03 12:01:34 2017  Status: success, ReturnCode: 0x0
 1404  | Fri Nov 03 12:17:23 2017  C:\fastvps_monitoring\arcconf\arcconf.exe GETCONFIG 1 LD 
 1404  | Fri Nov 03 12:17:23 2017  Status: success, ReturnCode: 0x0
 3132  | Fri Nov 03 12:17:23 2017  C:\fastvps_monitoring\arcconf\arcconf.exe GETCONFIG 1 LD 0 
 3132  | Fri Nov 03 12:17:23 2017  Status: success, ReturnCode: 0x0
 1996  | Fri Nov 03 12:20:01 2017  C:\fastvps_monitoring\arcconf\arcconf.exe GETCONFIG 1 LD 
 1996  | Fri Nov 03 12:20:01 2017  Status: success, ReturnCode: 0x0
 1864  | Fri Nov 03 12:20:01 2017  C:\fastvps_monitoring\arcconf\arcconf.exe GETCONFIG 1 LD 0 
 1864  | Fri Nov 03 12:20:01 2017  Status: success, ReturnCode: 0x0
 1984  | Fri Nov 03 12:22:17 2017  C:\fastvps_monitoring\arcconf\arcconf.exe GETCONFIG 1 LD 
 1984  | Fri Nov 03 12:22:17 2017  Status: success, ReturnCode: 0x0
 3268  | Fri Nov 03 12:22:17 2017  C:\fastvps_monitoring\arcconf\arcconf.exe GETCONFIG 1 LD 0 
 3268  | Fri Nov 03 12:22:17 2017  Status: success, ReturnCode: 0x0
 3688  | Fri Nov 03 12:23:30 2017  C:\fastvps_monitoring\arcconf\arcconf.exe GETCONFIG 1 LD 
 3688  | Fri Nov 03 12:23:30 2017  Status: success, ReturnCode: 0x0
 3952  | Fri Nov 03 12:23:30 2017  C:\fastvps_monitoring\arcconf\arcconf.exe GETCONFIG 1 LD 0 
 3952  | Fri Nov 03 12:23:30 2017  Status: success, ReturnCode: 0x0
 3976  | Fri Nov 03 12:26:20 2017  C:\fastvps_monitoring\arcconf\arcconf.exe GETCONFIG 1 LD 
 3976  | Fri Nov 03 12:26:20 2017  Status: success, ReturnCode: 0x0
 3860  | Fri Nov 03 12:26:20 2017  C:\fastvps_monitoring\arcconf\arcconf.exe GETCONFIG 1 LD 0 
 3860  | Fri Nov 03 12:26:20 2017  Status: success, ReturnCode: 0x0
 3700  | Fri Nov 03 12:28:31 2017  C:\fastvps_monitoring\arcconf\arcconf.exe GETCONFIG 1 LD 
 3700  | Fri Nov 03 12:28:31 2017  Status: success, ReturnCode: 0x0
 2832  | Fri Nov 03 12:28:31 2017  C:\fastvps_monitoring\arcconf\arcconf.exe GETCONFIG 1 LD 0 
 2832  | Fri Nov 03 12:28:31 2017  Status: success, ReturnCode: 0x0
 2204  | Fri Nov 03 12:29:22 2017  C:\fastvps_monitoring\arcconf\arcconf.exe GETCONFIG 1 LD 
 2204  | Fri Nov 03 12:29:22 2017  Status: success, ReturnCode: 0x0
 1760  | Fri Nov 03 12:29:22 2017  C:\fastvps_monitoring\arcconf\arcconf.exe GETCONFIG 1 LD 0 
 1760  | Fri Nov 03 12:29:22 2017  Status: success, ReturnCode: 0x0
 3268  | Fri Nov 03 12:30:20 2017  C:\fastvps_monitoring\arcconf\arcconf.exe GETCONFIG 1 LD 
 3268  | Fri Nov 03 12:30:20 2017  Status: success, ReturnCode: 0x0
 3608  | Fri Nov 03 12:30:20 2017  C:\fastvps_monitoring\arcconf\arcconf.exe GETCONFIG 1 LD 0 
 3608  | Fri Nov 03 12:30:20 2017  Status: success, ReturnCode: 0x0
 1812  | Fri Nov 03 12:30:20 2017  C:\fastvps_monitoring\arcconf\arcconf.exe getsmartstats 1 
 1812  | Fri Nov 03 12:30:21 2017  Status: success, ReturnCode: 0x0
 4004  | Fri Nov 03 12:32:40 2017  C:\fastvps_monitoring\arcconf\arcconf.exe GETCONFIG 1 LD 
 4004  | Fri Nov 03 12:32:40 2017  Status: success, ReturnCode: 0x0
 380  | Fri Nov 03 12:32:40 2017  C:\fastvps_monitoring\arcconf\arcconf.exe GETCONFIG 1 LD 0 
 380  | Fri Nov 03 12:32:40 2017  Status: success, ReturnCode: 0x0
 4080  | Fri Nov 03 12:32:41 2017  C:\fastvps_monitoring\arcconf\arcconf.exe getsmartstats 1 
 4080  | Fri Nov 03 12:32:41 2017  Status: success, ReturnCode: 0x0
 3488  | Fri Nov 03 12:36:55 2017  C:\fastvps_monitoring\arcconf\arcconf.exe GETCONFIG 1 LD 
 3488  | Fri Nov 03 12:36:56 2017  Status: success, ReturnCode: 0x0
 3264  | Fri Nov 03 12:36:56 2017  C:\fastvps_monitoring\arcconf\arcconf.exe GETCONFIG 1 LD 0 
 3264  | Fri Nov 03 12:36:56 2017  Status: success, ReturnCode: 0x0
 3024  | Fri Nov 03 12:36:56 2017  C:\fastvps_monitoring\arcconf\arcconf.exe getsmartstats 1 
 3024  | Fri Nov 03 12:36:56 2017  Status: success, ReturnCode: 0x0
 2568  | Fri Nov 03 12:39:11 2017  C:\fastvps_monitoring\arcconf\arcconf.exe GETCONFIG 1 LD 
 2568  | Fri Nov 03 12:39:11 2017  Status: success, ReturnCode: 0x0
 3948  | Fri Nov 03 12:39:11 2017  C:\fastvps_monitoring\arcconf\arcconf.exe GETCONFIG 1 LD 0 
 3948  | Fri Nov 03 12:39:11 2017  Status: success, ReturnCode: 0x0
 4072  | Fri Nov 03 12:39:11 2017  C:\fastvps_monitoring\arcconf\arcconf.exe getsmartstats 1 
 4072  | Fri Nov 03 12:39:12 2017  Status: success, ReturnCode: 0x0
 3268  | Fri Nov 03 12:40:15 2017  C:\fastvps_monitoring\arcconf\arcconf.exe GETCONFIG 1 LD 
 3268  | Fri Nov 03 12:40:15 2017  Status: success, ReturnCode: 0x0
 1812  | Fri Nov 03 12:40:15 2017  C:\fastvps_monitoring\arcconf\arcconf.exe GETCONFIG 1 LD 0 
 1812  | Fri Nov 03 12:40:15 2017  Status: success, ReturnCode: 0x0
 2496  | Fri Nov 03 12:40:15 2017  C:\fastvps_monitoring\arcconf\arcconf.exe getsmartstats 1 
 2496  | Fri Nov 03 12:40:16 2017  Status: success, ReturnCode: 0x0
 3780  | Fri Nov 03 12:40:51 2017  C:\fastvps_monitoring\arcconf\arcconf.exe GETCONFIG 1 LD 
 3780  | Fri Nov 03 12:40:52 2017  Status: success, ReturnCode: 0x0
 2556  | Fri Nov 03 12:40:52 2017  C:\fastvps_monitoring\arcconf\arcconf.exe GETCONFIG 1 LD 0 
 2556  | Fri Nov 03 12:40:52 2017  Status: success, ReturnCode: 0x0
 380  | Fri Nov 03 12:40:52 2017  C:\fastvps_monitoring\arcconf\arcconf.exe getsmartstats 1 
 380  | Fri Nov 03 12:40:52 2017  Status: success, ReturnCode: 0x0
 3832  | Fri Nov 03 12:41:18 2017  C:\fastvps_monitoring\arcconf\arcconf.exe GETCONFIG 1 LD 
 3832  | Fri Nov 03 12:41:18 2017  Status: success, ReturnCode: 0x0
 3952  | Fri Nov 03 12:41:18 2017  C:\fastvps_monitoring\arcconf\arcconf.exe GETCONFIG 1 LD 0 
 3952  | Fri Nov 03 12:41:18 2017  Status: success, ReturnCode: 0x0
 3120  | Fri Nov 03 12:41:18 2017  C:\fastvps_monitoring\arcconf\arcconf.exe getsmartstats 1 
 3120  | Fri Nov 03 12:41:18 2017  Status: success, ReturnCode: 0x0
 3752  | Fri Nov 03 12:42:21 2017  C:\fastvps_monitoring\arcconf\arcconf.exe GETCONFIG 1 LD 
 3752  | Fri Nov 03 12:42:21 2017  Status: success, ReturnCode: 0x0
 3096  | Fri Nov 03 12:42:21 2017  C:\fastvps_monitoring\arcconf\arcconf.exe GETCONFIG 1 LD 0 
 3096  | Fri Nov 03 12:42:22 2017  Status: success, ReturnCode: 0x0
 2656  | Fri Nov 03 12:42:22 2017  C:\fastvps_monitoring\arcconf\arcconf.exe getsmartstats 1 
 2656  | Fri Nov 03 12:42:22 2017  Status: success, ReturnCode: 0x0
 3200  | Sat Nov 04 00:36:45 2017  C:\fastvps_monitoring\arcconf\arcconf.exe getconfig 1 lf 
 3200  | Sat Nov 04 00:36:45 2017  Status: invalid arguments, ReturnCode: 0x3
 1936  | Sat Nov 04 00:36:47 2017  C:\fastvps_monitoring\arcconf\arcconf.exe getconfig 1 ld 
 1936  | Sat Nov 04 00:36:47 2017  Status: success, ReturnCode: 0x0
 400  | Sat Nov 04 00:37:01 2017  C:\fastvps_monitoring\arcconf\arcconf.exe getconfig 1 pd 
 400  | Sat Nov 04 00:37:02 2017  Status: success, ReturnCode: 0x0
 2340  | Sat Nov 04 00:38:06 2017  C:\fastvps_monitoring\arcconf\arcconf.exe getsmartstat 
 3176  | Sat Nov 04 00:38:08 2017  C:\fastvps_monitoring\arcconf\arcconf.exe getsmartstats 
 3100  | Sat Nov 04 00:38:10 2017  C:\fastvps_monitoring\arcconf\arcconf.exe getsmartstats 1 
 3100  | Sat Nov 04 00:38:11 2017  Status: success, ReturnCode: 0x0
 3308  | Sat Nov 04 00:49:26 2017  C:\fastvps_monitoring\arcconf\arcconf.exe getconfig 1 ld 0 
 3308  | Sat Nov 04 00:49:26 2017  Status: success, ReturnCode: 0x0
 3784  | Sat Nov 04 02:38:19 2017  C:\fastvps_monitoring\arcconf\arcconf.exe GETCONFIG 1 LD 
 3784  | Sat Nov 04 02:38:19 2017  Status: success, ReturnCode: 0x0
 3120  | Sat Nov 04 02:38:19 2017  C:\fastvps_monitoring\arcconf\arcconf.exe GETCONFIG 1 LD 0 
 3120  | Sat Nov 04 02:38:19 2017  Status: success, ReturnCode: 0x0
 3264  | Sat Nov 04 02:39:32 2017  C:\fastvps_monitoring\arcconf\arcconf.exe GETCONFIG 1 LD 
 3264  | Sat Nov 04 02:39:32 2017  Status: success, ReturnCode: 0x0
 2204  | Sat Nov 04 02:39:32 2017  C:\fastvps_monitoring\arcconf\arcconf.exe GETCONFIG 1 LD 0 
 2204  | Sat Nov 04 02:39:32 2017  Status: success, ReturnCode: 0x0
 3812  | Sat Nov 04 02:39:51 2017  C:\fastvps_monitoring\arcconf\arcconf.exe getsmartstats 1 
 3812  | Sat Nov 04 02:39:51 2017  Status: success, ReturnCode: 0x0
 1420  | Sat Nov 04 02:39:52 2017  C:\fastvps_monitoring\arcconf\arcconf.exe GETCONFIG 1 LD 
 1420  | Sat Nov 04 02:39:52 2017  Status: success, ReturnCode: 0x0
 2292  | Sat Nov 04 02:39:52 2017  C:\fastvps_monitoring\arcconf\arcconf.exe GETCONFIG 1 LD 0 
 2292  | Sat Nov 04 02:39:52 2017  Status: success, ReturnCode: 0x0
 2864  | Sat Nov 04 02:40:49 2017  C:\fastvps_monitoring\arcconf\arcconf.exe GETCONFIG 1 LD 
 2864  | Sat Nov 04 02:40:49 2017  Status: success, ReturnCode: 0x0
 3940  | Sat Nov 04 02:40:49 2017  C:\fastvps_monitoring\arcconf\arcconf.exe GETCONFIG 1 LD 0 
 3940  | Sat Nov 04 02:40:49 2017  Status: success, ReturnCode: 0x0
 4024  | Sat Nov 04 02:42:24 2017  C:\fastvps_monitoring\arcconf\arcconf.exe GETCONFIG 1 LD 
 4024  | Sat Nov 04 02:42:25 2017  Status: success, ReturnCode: 0x0
 1956  | Sat Nov 04 02:42:25 2017  C:\fastvps_monitoring\arcconf\arcconf.exe GETCONFIG 1 LD 0 
 1956  | Sat Nov 04 02:42:25 2017  Status: success, ReturnCode: 0x0
 2552  | Sat Nov 04 02:42:25 2017  C:\fastvps_monitoring\arcconf\arcconf.exe getsmartstats 1 
 2552  | Sat Nov 04 02:42:25 2017  Status: success, ReturnCode: 0x0
 3728  | Sat Nov 04 02:43:24 2017  C:\fastvps_monitoring\arcconf\arcconf.exe GETCONFIG 1 LD 
 3728  | Sat Nov 04 02:43:24 2017  Status: success, ReturnCode: 0x0
 4072  | Sat Nov 04 02:43:24 2017  C:\fastvps_monitoring\arcconf\arcconf.exe GETCONFIG 1 LD 0 
 4072  | Sat Nov 04 02:43:24 2017  Status: success, ReturnCode: 0x0
 2340  | Sat Nov 04 02:43:24 2017  C:\fastvps_monitoring\arcconf\arcconf.exe getsmartstats 1 
 2340  | Sat Nov 04 02:43:24 2017  Status: success, ReturnCode: 0x0
 2204  | Sat Nov 04 02:44:07 2017  C:\fastvps_monitoring\arcconf\arcconf.exe GETCONFIG 1 LD 
 2204  | Sat Nov 04 02:44:08 2017  Status: success, ReturnCode: 0x0
 1864  | Sat Nov 04 02:44:08 2017  C:\fastvps_monitoring\arcconf\arcconf.exe GETCONFIG 1 LD 0 
 1864  | Sat Nov 04 02:44:08 2017  Status: success, ReturnCode: 0x0
 3156  | Sat Nov 04 02:44:08 2017  C:\fastvps_monitoring\arcconf\arcconf.exe getsmartstats 1 
 3156  | Sat Nov 04 02:44:08 2017  Status: success, ReturnCode: 0x0
 3064  | Sat Nov 04 02:45:41 2017  C:\fastvps_monitoring\arcconf\arcconf.exe GETCONFIG 1 LD 
 3064  | Sat Nov 04 02:45:41 2017  Status: success, ReturnCode: 0x0
 2864  | Sat Nov 04 02:45:41 2017  C:\fastvps_monitoring\arcconf\arcconf.exe GETCONFIG 1 LD 0 
 2864  | Sat Nov 04 02:45:42 2017  Status: success, ReturnCode: 0x0
 2044  | Sat Nov 04 02:45:42 2017  C:\fastvps_monitoring\arcconf\arcconf.exe getsmartstats 1 
 2044  | Sat Nov 04 02:45:42 2017  Status: success, ReturnCode: 0x0
 3884  | Sat Nov 04 02:48:58 2017  C:\fastvps_monitoring\arcconf\arcconf.exe GETCONFIG 1 LD 
 3884  | Sat Nov 04 02:48:58 2017  Status: success, ReturnCode: 0x0
 2824  | Sat Nov 04 02:48:58 2017  C:\fastvps_monitoring\arcconf\arcconf.exe GETCONFIG 1 LD 0 
 2824  | Sat Nov 04 02:48:58 2017  Status: success, ReturnCode: 0x0
 2320  | Sat Nov 04 02:48:58 2017  C:\fastvps_monitoring\arcconf\arcconf.exe getsmartstats 1 
 2320  | Sat Nov 04 02:48:58 2017  Status: success, ReturnCode: 0x0
 1432  | Sat Nov 04 02:49:27 2017  C:\fastvps_monitoring\arcconf\arcconf.exe GETCONFIG 1 LD 
 1432  | Sat Nov 04 02:49:27 2017  Status: success, ReturnCode: 0x0
 2296  | Sat Nov 04 02:49:27 2017  C:\fastvps_monitoring\arcconf\arcconf.exe GETCONFIG 1 LD 0 
 2296  | Sat Nov 04 02:49:28 2017  Status: success, ReturnCode: 0x0
 2100  | Sat Nov 04 02:49:28 2017  C:\fastvps_monitoring\arcconf\arcconf.exe getsmartstats 1 
 2100  | Sat Nov 04 02:49:28 2017  Status: success, ReturnCode: 0x0
 744  | Sat Nov 04 02:49:53 2017  C:\fastvps_monitoring\arcconf\arcconf.exe GETCONFIG 1 LD 
 744  | Sat Nov 04 02:49:53 2017  Status: success, ReturnCode: 0x0
 2592  | Sat Nov 04 02:49:53 2017  C:\fastvps_monitoring\arcconf\arcconf.exe GETCONFIG 1 LD 0 
 2592  | Sat Nov 04 02:49:53 2017  Status: success, ReturnCode: 0x0
 3552  | Sat Nov 04 02:49:53 2017  C:\fastvps_monitoring\arcconf\arcconf.exe getsmartstats 1 
 3552  | Sat Nov 04 02:49:54 2017  Status: success, ReturnCode: 0x0
 2568  | Sat Nov 04 02:50:14 2017  C:\fastvps_monitoring\arcconf\arcconf.exe GETCONFIG 1 LD 
 2568  | Sat Nov 04 02:50:14 2017  Status: success, ReturnCode: 0x0
 2984  | Sat Nov 04 02:50:14 2017  C:\fastvps_monitoring\arcconf\arcconf.exe GETCONFIG 1 LD 0 
 2984  | Sat Nov 04 02:50:14 2017  Status: success, ReturnCode: 0x0
 2208  | Sat Nov 04 02:50:14 2017  C:\fastvps_monitoring\arcconf\arcconf.exe getsmartstats 1 
 2208  | Sat Nov 04 02:50:14 2017  Status: success, ReturnCode: 0x0
 3756  | Sat Nov 04 02:50:34 2017  C:\fastvps_monitoring\arcconf\arcconf.exe GETCONFIG 1 LD 
 3756  | Sat Nov 04 02:50:34 2017  Status: success, ReturnCode: 0x0
 3060  | Sat Nov 04 02:50:34 2017  C:\fastvps_monitoring\arcconf\arcconf.exe GETCONFIG 1 LD 0 
 3060  | Sat Nov 04 02:50:35 2017  Status: success, ReturnCode: 0x0
 932  | Sat Nov 04 02:50:35 2017  C:\fastvps_monitoring\arcconf\arcconf.exe getsmartstats 1 
 932  | Sat Nov 04 02:50:35 2017  Status: success, ReturnCode: 0x0
 4052  | Sat Nov 04 02:51:08 2017  C:\fastvps_monitoring\arcconf\arcconf.exe GETCONFIG 1 LD 
 4052  | Sat Nov 04 02:51:08 2017  Status: success, ReturnCode: 0x0
 2072  | Sat Nov 04 02:51:08 2017  C:\fastvps_monitoring\arcconf\arcconf.exe GETCONFIG 1 LD 0 
 2072  | Sat Nov 04 02:51:08 2017  Status: success, ReturnCode: 0x0
 3828  | Sat Nov 04 02:51:08 2017  C:\fastvps_monitoring\arcconf\arcconf.exe getsmartstats 1 
 3828  | Sat Nov 04 02:51:09 2017  Status: success, ReturnCode: 0x0
 3344  | Sat Nov 04 02:51:37 2017  C:\fastvps_monitoring\arcconf\arcconf.exe GETCONFIG 1 LD 
 3344  | Sat Nov 04 02:51:37 2017  Status: success, ReturnCode: 0x0
 1956  | Sat Nov 04 02:51:37 2017  C:\fastvps_monitoring\arcconf\arcconf.exe GETCONFIG 1 LD 0 
 1956  | Sat Nov 04 02:51:37 2017  Status: success, ReturnCode: 0x0
 2956  | Sat Nov 04 02:51:37 2017  C:\fastvps_monitoring\arcconf\arcconf.exe getsmartstats 1 
 2956  | Sat Nov 04 02:51:37 2017  Status: success, ReturnCode: 0x0
 3156  | Sat Nov 04 02:52:07 2017  C:\fastvps_monitoring\arcconf\arcconf.exe GETCONFIG 1 LD 
 3156  | Sat Nov 04 02:52:08 2017  Status: success, ReturnCode: 0x0
 3704  | Sat Nov 04 02:52:08 2017  C:\fastvps_monitoring\arcconf\arcconf.exe GETCONFIG 1 LD 0 
 3704  | Sat Nov 04 02:52:08 2017  Status: success, ReturnCode: 0x0
 2732  | Sat Nov 04 02:52:08 2017  C:\fastvps_monitoring\arcconf\arcconf.exe getsmartstats 1 
 2732  | Sat Nov 04 02:52:08 2017  Status: success, ReturnCode: 0x0
 4000  | Sat Nov 04 02:53:25 2017  C:\fastvps_monitoring\arcconf\arcconf.exe GETCONFIG 1 LD 
 4000  | Sat Nov 04 02:53:25 2017  Status: success, ReturnCode: 0x0
 4004  | Sat Nov 04 02:53:25 2017  C:\fastvps_monitoring\arcconf\arcconf.exe GETCONFIG 1 LD 0 
 4004  | Sat Nov 04 02:53:25 2017  Status: success, ReturnCode: 0x0
 4088  | Sat Nov 04 02:53:25 2017  C:\fastvps_monitoring\arcconf\arcconf.exe getsmartstats 1 
 4088  | Sat Nov 04 02:53:26 2017  Status: success, ReturnCode: 0x0
 2460  | Sat Nov 04 02:55:09 2017  C:\fastvps_monitoring\arcconf\arcconf.exe GETCONFIG 1 LD 
 2460  | Sat Nov 04 02:55:09 2017  Status: success, ReturnCode: 0x0
 2072  | Sat Nov 04 02:55:09 2017  C:\fastvps_monitoring\arcconf\arcconf.exe GETCONFIG 1 LD 0 
 2072  | Sat Nov 04 02:55:09 2017  Status: success, ReturnCode: 0x0
 1048  | Sat Nov 04 02:55:09 2017  C:\fastvps_monitoring\arcconf\arcconf.exe getsmartstats 1 
 1048  | Sat Nov 04 02:55:09 2017  Status: success, ReturnCode: 0x0
 3344  | Sat Nov 04 02:56:01 2017  C:\fastvps_monitoring\arcconf\arcconf.exe GETCONFIG 1 LD 
 3344  | Sat Nov 04 02:56:01 2017  Status: success, ReturnCode: 0x0
 3192  | Sat Nov 04 02:56:01 2017  C:\fastvps_monitoring\arcconf\arcconf.exe GETCONFIG 1 LD 0 
 3192  | Sat Nov 04 02:56:01 2017  Status: success, ReturnCode: 0x0
 3100  | Sat Nov 04 02:56:01 2017  C:\fastvps_monitoring\arcconf\arcconf.exe getsmartstats 1 
 3100  | Sat Nov 04 02:56:02 2017  Status: success, ReturnCode: 0x0
 940  | Sat Nov 04 02:58:18 2017  C:\fastvps_monitoring\arcconf\arcconf.exe GETCONFIG 1 LD 
 940  | Sat Nov 04 02:58:18 2017  Status: success, ReturnCode: 0x0
 3748  | Sat Nov 04 02:58:18 2017  C:\fastvps_monitoring\arcconf\arcconf.exe GETCONFIG 1 LD 0 
 3748  | Sat Nov 04 02:58:18 2017  Status: success, ReturnCode: 0x0
 2252  | Sat Nov 04 02:58:18 2017  C:\fastvps_monitoring\arcconf\arcconf.exe getsmartstats 1 
 2252  | Sat Nov 04 02:58:18 2017  Status: success, ReturnCode: 0x0
 1448  | Sat Nov 04 02:59:46 2017  C:\fastvps_monitoring\arcconf\arcconf.exe GETCONFIG 1 LD 
 1448  | Sat Nov 04 02:59:47 2017  Status: success, ReturnCode: 0x0
 2864  | Sat Nov 04 02:59:47 2017  C:\fastvps_monitoring\arcconf\arcconf.exe GETCONFIG 1 LD 0 
 2864  | Sat Nov 04 02:59:47 2017  Status: success, ReturnCode: 0x0
 1936  | Sat Nov 04 02:59:47 2017  C:\fastvps_monitoring\arcconf\arcconf.exe getsmartstats 1 
 1936  | Sat Nov 04 02:59:47 2017  Status: success, ReturnCode: 0x0
 3956  | Sat Nov 04 03:00:20 2017  C:\fastvps_monitoring\arcconf\arcconf.exe GETCONFIG 1 LD 
 3956  | Sat Nov 04 03:00:20 2017  Status: success, ReturnCode: 0x0
 4024  | Sat Nov 04 03:00:20 2017  C:\fastvps_monitoring\arcconf\arcconf.exe GETCONFIG 1 LD 0 
 4024  | Sat Nov 04 03:00:20 2017  Status: success, ReturnCode: 0x0
 3104  | Sat Nov 04 03:00:20 2017  C:\fastvps_monitoring\arcconf\arcconf.exe getsmartstats 1 
 3104  | Sat Nov 04 03:00:21 2017  Status: success, ReturnCode: 0x0
 2212  | Sat Nov 04 03:03:11 2017  C:\fastvps_monitoring\arcconf\arcconf.exe GETCONFIG 1 LD 
 2212  | Sat Nov 04 03:03:11 2017  Status: success, ReturnCode: 0x0
 3720  | Sat Nov 04 03:03:11 2017  C:\fastvps_monitoring\arcconf\arcconf.exe GETCONFIG 1 LD 0 
 3720  | Sat Nov 04 03:03:12 2017  Status: success, ReturnCode: 0x0
 4016  | Sat Nov 04 03:03:12 2017  C:\fastvps_monitoring\arcconf\arcconf.exe getsmartstats 1 
 4016  | Sat Nov 04 03:03:12 2017  Status: success, ReturnCode: 0x0
 3028  | Sat Nov 04 03:03:52 2017  C:\fastvps_monitoring\arcconf\arcconf.exe GETCONFIG 1 LD 
 3028  | Sat Nov 04 03:03:52 2017  Status: success, ReturnCode: 0x0
 2220  | Sat Nov 04 03:03:52 2017  C:\fastvps_monitoring\arcconf\arcconf.exe GETCONFIG 1 LD 0 
 2220  | Sat Nov 04 03:03:52 2017  Status: success, ReturnCode: 0x0
 2972  | Sat Nov 04 03:04:34 2017  C:\fastvps_monitoring\arcconf\arcconf.exe GETCONFIG 1 LD 
 2972  | Sat Nov 04 03:04:34 2017  Status: success, ReturnCode: 0x0
 4012  | Sat Nov 04 03:04:34 2017  C:\fastvps_monitoring\arcconf\arcconf.exe GETCONFIG 1 LD 0 
 4012  | Sat Nov 04 03:04:35 2017  Status: success, ReturnCode: 0x0
 3468  | Sat Nov 04 03:04:35 2017  C:\fastvps_monitoring\arcconf\arcconf.exe getsmartstats 1 
 3468  | Sat Nov 04 03:04:35 2017  Status: success, ReturnCode: 0x0
 188  | Sat Nov 04 03:05:59 2017  C:\fastvps_monitoring\arcconf\arcconf.exe GETCONFIG 1 LD 
 188  | Sat Nov 04 03:05:59 2017  Status: success, ReturnCode: 0x0
 3784  | Sat Nov 04 03:05:59 2017  C:\fastvps_monitoring\arcconf\arcconf.exe GETCONFIG 1 LD 0 
 3784  | Sat Nov 04 03:05:59 2017  Status: success, ReturnCode: 0x0
 1580  | Sat Nov 04 03:05:59 2017  C:\fastvps_monitoring\arcconf\arcconf.exe getsmartstats 1 
 1580  | Sat Nov 04 03:06:00 2017  Status: success, ReturnCode: 0x0
 3452  | Sat Nov 04 03:07:26 2017  C:\fastvps_monitoring\arcconf\arcconf.exe GETCONFIG 1 LD 
 3452  | Sat Nov 04 03:07:26 2017  Status: success, ReturnCode: 0x0
 3616  | Sat Nov 04 03:07:26 2017  C:\fastvps_monitoring\arcconf\arcconf.exe GETCONFIG 1 LD 0 
 3616  | Sat Nov 04 03:07:26 2017  Status: success, ReturnCode: 0x0
 4088  | Sat Nov 04 03:07:26 2017  C:\fastvps_monitoring\arcconf\arcconf.exe getsmartstats 1 
 4088  | Sat Nov 04 03:07:26 2017  Status: success, ReturnCode: 0x0
 2956  | Sat Nov 04 03:08:48 2017  C:\fastvps_monitoring\arcconf\arcconf.exe GETCONFIG 1 LD 
 2956  | Sat Nov 04 03:08:48 2017  Status: success, ReturnCode: 0x0
 3040  | Sat Nov 04 03:08:48 2017  C:\fastvps_monitoring\arcconf\arcconf.exe GETCONFIG 1 LD 0 
 3040  | Sat Nov 04 03:08:48 2017  Status: success, ReturnCode: 0x0
 2280  | Sat Nov 04 03:08:48 2017  C:\fastvps_monitoring\arcconf\arcconf.exe getsmartstats 1 
 2280  | Sat Nov 04 03:08:48 2017  Status: success, ReturnCode: 0x0
 3884  | Sat Nov 04 03:09:59 2017  C:\fastvps_monitoring\arcconf\arcconf.exe GETCONFIG 1 LD 
 3884  | Sat Nov 04 03:09:59 2017  Status: success, ReturnCode: 0x0
 3240  | Sat Nov 04 03:09:59 2017  C:\fastvps_monitoring\arcconf\arcconf.exe GETCONFIG 1 LD 0 
 3240  | Sat Nov 04 03:10:00 2017  Status: success, ReturnCode: 0x0
 2700  | Sat Nov 04 03:10:00 2017  C:\fastvps_monitoring\arcconf\arcconf.exe getsmartstats 1 
 2700  | Sat Nov 04 03:10:00 2017  Status: success, ReturnCode: 0x0
 4084  | Sat Nov 04 03:11:42 2017  C:\fastvps_monitoring\arcconf\arcconf.exe GETCONFIG 1 LD 
 4084  | Sat Nov 04 03:11:42 2017  Status: success, ReturnCode: 0x0
 3960  | Sat Nov 04 03:11:42 2017  C:\fastvps_monitoring\arcconf\arcconf.exe GETCONFIG 1 LD 0 
 3960  | Sat Nov 04 03:11:42 2017  Status: success, ReturnCode: 0x0
 2068  | Sat Nov 04 03:11:42 2017  C:\fastvps_monitoring\arcconf\arcconf.exe getsmartstats 1 
 2068  | Sat Nov 04 03:11:43 2017  Status: success, ReturnCode: 0x0
 2992  | Sat Nov 04 03:12:33 2017  C:\fastvps_monitoring\arcconf\arcconf.exe GETCONFIG 1 LD 
 2992  | Sat Nov 04 03:12:33 2017  Status: success, ReturnCode: 0x0
 3676  | Sat Nov 04 03:12:33 2017  C:\fastvps_monitoring\arcconf\arcconf.exe GETCONFIG 1 LD 0 
 3676  | Sat Nov 04 03:12:33 2017  Status: success, ReturnCode: 0x0
 3144  | Sat Nov 04 03:13:41 2017  C:\fastvps_monitoring\arcconf\arcconf.exe GETCONFIG 1 LD 
 3144  | Sat Nov 04 03:13:41 2017  Status: success, ReturnCode: 0x0
 872  | Sat Nov 04 03:13:41 2017  C:\fastvps_monitoring\arcconf\arcconf.exe GETCONFIG 1 LD 0 
 872  | Sat Nov 04 03:13:41 2017  Status: success, ReturnCode: 0x0
 1420  | Sat Nov 04 03:15:01 2017  C:\fastvps_monitoring\arcconf\arcconf.exe GETCONFIG 1 LD 
 1420  | Sat Nov 04 03:15:01 2017  Status: success, ReturnCode: 0x0
 3128  | Sat Nov 04 03:15:01 2017  C:\fastvps_monitoring\arcconf\arcconf.exe GETCONFIG 1 LD 0 
 3128  | Sat Nov 04 03:15:01 2017  Status: success, ReturnCode: 0x0
 2484  | Sat Nov 04 03:15:01 2017  C:\fastvps_monitoring\arcconf\arcconf.exe getsmartstats 1 
 2484  | Sat Nov 04 03:15:02 2017  Status: success, ReturnCode: 0x0
 3884  | Sat Nov 04 03:39:21 2017  C:\fastvps_monitoring\arcconf\arcconf.exe GETCONFIG 1 LD 
 3884  | Sat Nov 04 03:39:21 2017  Status: success, ReturnCode: 0x0
 3756  | Sat Nov 04 03:39:21 2017  C:\fastvps_monitoring\arcconf\arcconf.exe GETCONFIG 1 LD 0 
 3756  | Sat Nov 04 03:39:21 2017  Status: success, ReturnCode: 0x0
 3996  | Sat Nov 04 03:43:15 2017  C:\fastvps_monitoring\arcconf\arcconf.exe getconfig 1 ld 0 
 3996  | Sat Nov 04 03:43:15 2017  Status: success, ReturnCode: 0x0
 2072  | Sat Nov 04 03:43:29 2017  C:\fastvps_monitoring\arcconf\arcconf.exe getconfig 1 ld 0 
 2072  | Sat Nov 04 03:43:29 2017  Status: success, ReturnCode: 0x0
 3704  | Sat Nov 04 03:43:58 2017  C:\fastvps_monitoring\arcconf\arcconf.exe getconfig 1 ld 0 
 3704  | Sat Nov 04 03:43:59 2017  Status: success, ReturnCode: 0x0
 3168  | Sat Nov 04 03:44:08 2017  C:\fastvps_monitoring\arcconf\arcconf.exe getconfig 1 ld 0 
 3168  | Sat Nov 04 03:44:09 2017  Status: success, ReturnCode: 0x0
 3692  | Sat Nov 04 03:54:50 2017  C:\fastvps_monitoring\arcconf\arcconf.exe GETCONFIG 1 LD 
 3692  | Sat Nov 04 03:54:50 2017  Status: success, ReturnCode: 0x0
 4008  | Sat Nov 04 03:54:50 2017  C:\fastvps_monitoring\arcconf\arcconf.exe GETCONFIG 1 LD 0 
 4008  | Sat Nov 04 03:54:51 2017  Status: success, ReturnCode: 0x0
 2972  | Sat Nov 04 03:55:34 2017  C:\fastvps_monitoring\arcconf\arcconf.exe GETCONFIG 1 LD 
 2972  | Sat Nov 04 03:55:35 2017  Status: success, ReturnCode: 0x0
 1960  | Sat Nov 04 03:55:35 2017  C:\fastvps_monitoring\arcconf\arcconf.exe GETCONFIG 1 LD 0 
 1960  | Sat Nov 04 03:55:35 2017  Status: success, ReturnCode: 0x0
 4036  | Sat Nov 04 03:56:51 2017  C:\fastvps_monitoring\arcconf\arcconf.exe GETCONFIG 1 LD 
 4036  | Sat Nov 04 03:56:51 2017  Status: success, ReturnCode: 0x0
 2648  | Sat Nov 04 03:56:51 2017  C:\fastvps_monitoring\arcconf\arcconf.exe GETCONFIG 1 LD 0 
 2648  | Sat Nov 04 03:56:52 2017  Status: success, ReturnCode: 0x0
 3220  | Sat Nov 04 03:56:57 2017  C:\fastvps_monitoring\arcconf\arcconf.exe GETCONFIG 1 LD 
 3220  | Sat Nov 04 03:56:58 2017  Status: success, ReturnCode: 0x0
 3732  | Sat Nov 04 03:56:58 2017  C:\fastvps_monitoring\arcconf\arcconf.exe GETCONFIG 1 LD 0 
 3732  | Sat Nov 04 03:56:58 2017  Status: success, ReturnCode: 0x0
 3068  | Sat Nov 04 04:43:40 2017  C:\fastvps_monitoring\arcconf\arcconf.exe GETCONFIG 1 LD 
 3068  | Sat Nov 04 04:43:41 2017  Status: success, ReturnCode: 0x0
 1492  | Sat Nov 04 04:43:41 2017  C:\fastvps_monitoring\arcconf\arcconf.exe GETCONFIG 1 LD 0 
 1492  | Sat Nov 04 04:43:41 2017  Status: success, ReturnCode: 0x0
 2668  | Sat Nov 04 04:43:41 2017  C:\fastvps_monitoring\arcconf\arcconf.exe getsmartstats 1 
 2668  | Sat Nov 04 04:43:41 2017  Status: success, ReturnCode: 0x0
 2256  | Sat Nov 04 04:44:50 2017  C:\fastvps_monitoring\arcconf\arcconf.exe getconfig 1 ld 
 2256  | Sat Nov 04 04:44:50 2017  Status: success, ReturnCode: 0x0
 2700  | Sat Nov 04 04:45:15 2017  C:\fastvps_monitoring\arcconf\arcconf.exe getconfig 1 ld 
 2700  | Sat Nov 04 04:45:15 2017  Status: success, ReturnCode: 0x0
 2776  | Sat Nov 04 05:53:12 2017  C:\fastvps_monitoring\arcconf\arcconf.exe GETCONFIG 1 LD 
 2776  | Sat Nov 04 05:53:12 2017  Status: success, ReturnCode: 0x0
 3496  | Sat Nov 04 05:53:12 2017  C:\fastvps_monitoring\arcconf\arcconf.exe GETCONFIG 1 LD 0 
 3496  | Sat Nov 04 05:53:13 2017  Status: success, ReturnCode: 0x0
 3368  | Sat Nov 04 05:54:32 2017  C:\fastvps_monitoring\arcconf\arcconf.exe GETCONFIG 1 LD 
 3368  | Sat Nov 04 05:54:33 2017  Status: success, ReturnCode: 0x0
 1428  | Sat Nov 04 05:54:33 2017  C:\fastvps_monitoring\arcconf\arcconf.exe GETCONFIG 1 LD 0 
 1428  | Sat Nov 04 05:54:33 2017  Status: success, ReturnCode: 0x0
 940  | Sat Nov 04 05:59:09 2017  C:\fastvps_monitoring\arcconf\arcconf.exe getconfig 1 ld 
 940  | Sat Nov 04 05:59:09 2017  Status: success, ReturnCode: 0x0
 2564  | Sat Nov 04 06:00:51 2017  C:\fastvps_monitoring\arcconf\arcconf.exe getconfig 1 ld 
 2564  | Sat Nov 04 06:00:51 2017  Status: success, ReturnCode: 0x0
 3832  | Sat Nov 04 06:04:08 2017  C:\fastvps_monitoring\arcconf\arcconf.exe GETCONFIG 1 LD 
 3832  | Sat Nov 04 06:04:08 2017  Status: success, ReturnCode: 0x0
 3112  | Sat Nov 04 06:04:08 2017  C:\fastvps_monitoring\arcconf\arcconf.exe GETCONFIG 1 LD 0 
 3112  | Sat Nov 04 06:04:08 2017  Status: success, ReturnCode: 0x0
 1848  | Sat Nov 04 06:05:58 2017  C:\fastvps_monitoring\arcconf\arcconf.exe GETCONFIG 1 LD 
 1848  | Sat Nov 04 06:05:59 2017  Status: success, ReturnCode: 0x0
 1924  | Sat Nov 04 06:05:59 2017  C:\fastvps_monitoring\arcconf\arcconf.exe GETCONFIG 1 LD 0 
 1924  | Sat Nov 04 06:05:59 2017  Status: success, ReturnCode: 0x0
 2564  | Sat Nov 04 06:07:38 2017  C:\fastvps_monitoring\arcconf\arcconf.exe GETCONFIG 1 LD 
 2564  | Sat Nov 04 06:07:39 2017  Status: success, ReturnCode: 0x0
 3220  | Sat Nov 04 06:07:39 2017  C:\fastvps_monitoring\arcconf\arcconf.exe GETCONFIG 1 LD 0 
 3220  | Sat Nov 04 06:07:39 2017  Status: success, ReturnCode: 0x0
 4072  | Sat Nov 04 06:08:39 2017  C:\fastvps_monitoring\arcconf\arcconf.exe GETCONFIG 1 LD 
 4072  | Sat Nov 04 06:08:40 2017  Status: success, ReturnCode: 0x0
 2460  | Sat Nov 04 06:08:40 2017  C:\fastvps_monitoring\arcconf\arcconf.exe GETCONFIG 1 LD 0 
 2460  | Sat Nov 04 06:08:40 2017  Status: success, ReturnCode: 0x0
 3688  | Sat Nov 04 06:08:55 2017  C:\fastvps_monitoring\arcconf\arcconf.exe GETCONFIG 1 LD 
 3688  | Sat Nov 04 06:08:55 2017  Status: success, ReturnCode: 0x0
 1928  | Sat Nov 04 06:08:55 2017  C:\fastvps_monitoring\arcconf\arcconf.exe GETCONFIG 1 LD 0 
 1928  | Sat Nov 04 06:08:55 2017  Status: success, ReturnCode: 0x0
 3308  | Sun Nov 05 06:26:32 2017  C:\fastvps_monitoring\arcconf\arcconf.exe getconfig 1 ld 0 
 3308  | Sun Nov 05 06:26:32 2017  Status: success, ReturnCode: 0x0
 3844  | Sun Nov 05 06:27:37 2017  C:\fastvps_monitoring\arcconf\arcconf.exe getconfig 1 ld 0 
 3844  | Sun Nov 05 06:27:37 2017  Status: success, ReturnCode: 0x0
 3368  | Sun Nov 05 06:35:07 2017  C:\fastvps_monitoring\arcconf\arcconf.exe GETCONFIG 1 LD 
 3368  | Sun Nov 05 06:35:08 2017  Status: success, ReturnCode: 0x0
 2956  | Sun Nov 05 06:35:08 2017  C:\fastvps_monitoring\arcconf\arcconf.exe GETCONFIG 1 LD 0 
 2956  | Sun Nov 05 06:35:08 2017  Status: success, ReturnCode: 0x0
 3552  | Sun Nov 05 06:35:08 2017  C:\fastvps_monitoring\arcconf\arcconf.exe getsmartstats 1 
 3552  | Sun Nov 05 06:35:08 2017  Status: success, ReturnCode: 0x0
 148  | Sun Nov 05 06:35:47 2017  C:\fastvps_monitoring\arcconf\arcconf.exe GETCONFIG 1 LD 
 148  | Sun Nov 05 06:35:47 2017  Status: success, ReturnCode: 0x0
 2340  | Sun Nov 05 06:35:47 2017  C:\fastvps_monitoring\arcconf\arcconf.exe GETCONFIG 1 LD 0 
 2340  | Sun Nov 05 06:35:48 2017  Status: success, ReturnCode: 0x0
 1980  | Sun Nov 05 06:35:48 2017  C:\fastvps_monitoring\arcconf\arcconf.exe getsmartstats 1 
 1980  | Sun Nov 05 06:35:48 2017  Status: success, ReturnCode: 0x0
 1048  | Sun Nov 05 06:38:54 2017  C:\fastvps_monitoring\arcconf\arcconf.exe GETCONFIG 1 LD 
 1048  | Sun Nov 05 06:38:54 2017  Status: success, ReturnCode: 0x0
 3796  | Sun Nov 05 06:38:54 2017  C:\fastvps_monitoring\arcconf\arcconf.exe GETCONFIG 1 LD 0 
 3796  | Sun Nov 05 06:38:54 2017  Status: success, ReturnCode: 0x0
 3828  | Sun Nov 05 06:38:54 2017  C:\fastvps_monitoring\arcconf\arcconf.exe getsmartstats 1 
 3828  | Sun Nov 05 06:38:54 2017  Status: success, ReturnCode: 0x0
 3708  | Sun Nov 05 06:41:32 2017  C:\fastvps_monitoring\arcconf\arcconf.exe GETCONFIG 1 LD 
 3708  | Sun Nov 05 06:41:32 2017  Status: success, ReturnCode: 0x0
 3352  | Sun Nov 05 06:41:32 2017  C:\fastvps_monitoring\arcconf\arcconf.exe GETCONFIG 1 LD 0 
 3352  | Sun Nov 05 06:41:32 2017  Status: success, ReturnCode: 0x0
 3856  | Sun Nov 05 06:41:32 2017  C:\fastvps_monitoring\arcconf\arcconf.exe getsmartstats 1 
 3856  | Sun Nov 05 06:41:32 2017  Status: success, ReturnCode: 0x0
 3784  | Sun Nov 05 06:42:20 2017  C:\fastvps_monitoring\arcconf\arcconf.exe GETCONFIG 1 LD 
 3784  | Sun Nov 05 06:42:20 2017  Status: success, ReturnCode: 0x0
 2716  | Sun Nov 05 06:42:20 2017  C:\fastvps_monitoring\arcconf\arcconf.exe GETCONFIG 1 LD 0 
 2716  | Sun Nov 05 06:42:20 2017  Status: success, ReturnCode: 0x0
 3608  | Sun Nov 05 06:42:20 2017  C:\fastvps_monitoring\arcconf\arcconf.exe getsmartstats 1 
 3608  | Sun Nov 05 06:42:20 2017  Status: success, ReturnCode: 0x0
 2248  | Sun Nov 05 06:43:38 2017  C:\fastvps_monitoring\arcconf\arcconf.exe GETCONFIG 1 LD 
 2248  | Sun Nov 05 06:43:38 2017  Status: success, ReturnCode: 0x0
 1432  | Sun Nov 05 06:43:38 2017  C:\fastvps_monitoring\arcconf\arcconf.exe GETCONFIG 1 LD 0 
 1432  | Sun Nov 05 06:43:38 2017  Status: success, ReturnCode: 0x0
 3068  | Sun Nov 05 06:43:38 2017  C:\fastvps_monitoring\arcconf\arcconf.exe getsmartstats 1 
 3068  | Sun Nov 05 06:43:39 2017  Status: success, ReturnCode: 0x0
 904  | Sun Nov 05 06:43:59 2017  C:\fastvps_monitoring\arcconf\arcconf.exe GETCONFIG 1 LD 
 904  | Sun Nov 05 06:43:59 2017  Status: success, ReturnCode: 0x0
 3028  | Sun Nov 05 06:43:59 2017  C:\fastvps_monitoring\arcconf\arcconf.exe GETCONFIG 1 LD 0 
 3028  | Sun Nov 05 06:43:59 2017  Status: success, ReturnCode: 0x0
 1084  | Sun Nov 05 06:43:59 2017  C:\fastvps_monitoring\arcconf\arcconf.exe getsmartstats 1 
 1084  | Sun Nov 05 06:43:59 2017  Status: success, ReturnCode: 0x0
 3352  | Sun Nov 05 06:44:40 2017  C:\fastvps_monitoring\arcconf\arcconf.exe GETCONFIG 1 LD 
 3352  | Sun Nov 05 06:44:40 2017  Status: success, ReturnCode: 0x0
 3200  | Sun Nov 05 06:44:40 2017  C:\fastvps_monitoring\arcconf\arcconf.exe GETCONFIG 1 LD 0 
 3200  | Sun Nov 05 06:44:40 2017  Status: success, ReturnCode: 0x0
 3260  | Sun Nov 05 06:44:40 2017  C:\fastvps_monitoring\arcconf\arcconf.exe getsmartstats 1 
 3260  | Sun Nov 05 06:44:40 2017  Status: success, ReturnCode: 0x0
 2808  | Sun Nov 05 06:45:05 2017  C:\fastvps_monitoring\arcconf\arcconf.exe GETCONFIG 1 LD 
 2808  | Sun Nov 05 06:45:05 2017  Status: success, ReturnCode: 0x0
 3304  | Sun Nov 05 06:45:05 2017  C:\fastvps_monitoring\arcconf\arcconf.exe GETCONFIG 1 LD 0 
 3304  | Sun Nov 05 06:45:06 2017  Status: success, ReturnCode: 0x0
 1428  | Sun Nov 05 06:45:06 2017  C:\fastvps_monitoring\arcconf\arcconf.exe getsmartstats 1 
 1428  | Sun Nov 05 06:45:06 2017  Status: success, ReturnCode: 0x0
 3176  | Sun Nov 05 06:45:34 2017  C:\fastvps_monitoring\arcconf\arcconf.exe GETCONFIG 1 LD 
 3176  | Sun Nov 05 06:45:34 2017  Status: success, ReturnCode: 0x0
 3076  | Sun Nov 05 06:45:34 2017  C:\fastvps_monitoring\arcconf\arcconf.exe GETCONFIG 1 LD 0 
 3076  | Sun Nov 05 06:45:34 2017  Status: success, ReturnCode: 0x0
 2444  | Sun Nov 05 06:45:34 2017  C:\fastvps_monitoring\arcconf\arcconf.exe getsmartstats 1 
 2444  | Sun Nov 05 06:45:34 2017  Status: success, ReturnCode: 0x0
 2044  | Sun Nov 05 06:46:35 2017  C:\fastvps_monitoring\arcconf\arcconf.exe GETCONFIG 1 LD 
 2044  | Sun Nov 05 06:46:35 2017  Status: success, ReturnCode: 0x0
 2360  | Sun Nov 05 06:46:35 2017  C:\fastvps_monitoring\arcconf\arcconf.exe GETCONFIG 1 LD 0 
 2360  | Sun Nov 05 06:46:35 2017  Status: success, ReturnCode: 0x0
 568  | Sun Nov 05 06:46:35 2017  C:\fastvps_monitoring\arcconf\arcconf.exe getsmartstats 1 
 568  | Sun Nov 05 06:46:35 2017  Status: success, ReturnCode: 0x0
 1836  | Sun Nov 05 06:47:02 2017  C:\fastvps_monitoring\arcconf\arcconf.exe GETCONFIG 1 LD 
 1836  | Sun Nov 05 06:47:02 2017  Status: success, ReturnCode: 0x0
 3144  | Sun Nov 05 06:47:02 2017  C:\fastvps_monitoring\arcconf\arcconf.exe GETCONFIG 1 LD 0 
 3144  | Sun Nov 05 06:47:03 2017  Status: success, ReturnCode: 0x0
 3976  | Sun Nov 05 06:47:03 2017  C:\fastvps_monitoring\arcconf\arcconf.exe getsmartstats 1 
 3976  | Sun Nov 05 06:47:03 2017  Status: success, ReturnCode: 0x0
 3316  | Sun Nov 05 06:48:44 2017  C:\fastvps_monitoring\arcconf\arcconf.exe GETCONFIG 1 LD 
 3316  | Sun Nov 05 06:48:44 2017  Status: success, ReturnCode: 0x0
 3248  | Sun Nov 05 06:48:44 2017  C:\fastvps_monitoring\arcconf\arcconf.exe GETCONFIG 1 LD 0 
 3248  | Sun Nov 05 06:48:44 2017  Status: success, ReturnCode: 0x0
 3796  | Sun Nov 05 06:48:44 2017  C:\fastvps_monitoring\arcconf\arcconf.exe getsmartstats 1 
 3796  | Sun Nov 05 06:48:45 2017  Status: success, ReturnCode: 0x0
 4092  | Sun Nov 05 06:49:33 2017  C:\fastvps_monitoring\arcconf\arcconf.exe GETCONFIG 1 LD 
 4092  | Sun Nov 05 06:49:33 2017  Status: success, ReturnCode: 0x0
 4028  | Sun Nov 05 06:49:33 2017  C:\fastvps_monitoring\arcconf\arcconf.exe GETCONFIG 1 LD 0 
 4028  | Sun Nov 05 06:49:33 2017  Status: success, ReturnCode: 0x0
 3528  | Sun Nov 05 06:49:33 2017  C:\fastvps_monitoring\arcconf\arcconf.exe getsmartstats 1 
 3528  | Sun Nov 05 06:49:33 2017  Status: success, ReturnCode: 0x0
 1208  | Sun Nov 05 06:50:16 2017  C:\fastvps_monitoring\arcconf\arcconf.exe GETCONFIG 1 LD 
 1208  | Sun Nov 05 06:50:16 2017  Status: success, ReturnCode: 0x0
 1924  | Sun Nov 05 06:50:16 2017  C:\fastvps_monitoring\arcconf\arcconf.exe GETCONFIG 1 LD 0 
 1924  | Sun Nov 05 06:50:16 2017  Status: success, ReturnCode: 0x0
 3144  | Sun Nov 05 06:50:16 2017  C:\fastvps_monitoring\arcconf\arcconf.exe getsmartstats 1 
 3144  | Sun Nov 05 06:50:17 2017  Status: success, ReturnCode: 0x0
 3796  | Sun Nov 05 06:51:16 2017  C:\fastvps_monitoring\arcconf\arcconf.exe GETCONFIG 1 LD 
 3796  | Sun Nov 05 06:51:16 2017  Status: success, ReturnCode: 0x0
 3200  | Sun Nov 05 06:51:16 2017  C:\fastvps_monitoring\arcconf\arcconf.exe GETCONFIG 1 LD 0 
 3200  | Sun Nov 05 06:51:17 2017  Status: success, ReturnCode: 0x0
 1760  | Sun Nov 05 06:51:17 2017  C:\fastvps_monitoring\arcconf\arcconf.exe getsmartstats 1 
 1760  | Sun Nov 05 06:51:17 2017  Status: success, ReturnCode: 0x0
 4028  | Sun Nov 05 06:52:16 2017  C:\fastvps_monitoring\arcconf\arcconf.exe GETCONFIG 1 LD 
 4028  | Sun Nov 05 06:52:16 2017  Status: success, ReturnCode: 0x0
 1864  | Sun Nov 05 06:52:16 2017  C:\fastvps_monitoring\arcconf\arcconf.exe GETCONFIG 1 LD 0 
 1864  | Sun Nov 05 06:52:16 2017  Status: success, ReturnCode: 0x0
 208  | Sun Nov 05 06:52:16 2017  C:\fastvps_monitoring\arcconf\arcconf.exe getsmartstats 1 
 208  | Sun Nov 05 06:52:16 2017  Status: success, ReturnCode: 0x0
 1432  | Sun Nov 05 06:53:16 2017  C:\fastvps_monitoring\arcconf\arcconf.exe GETCONFIG 1 LD 
 1432  | Sun Nov 05 06:53:17 2017  Status: success, ReturnCode: 0x0
 1956  | Sun Nov 05 06:53:17 2017  C:\fastvps_monitoring\arcconf\arcconf.exe GETCONFIG 1 LD 0 
 1956  | Sun Nov 05 06:53:17 2017  Status: success, ReturnCode: 0x0
 4036  | Sun Nov 05 06:53:17 2017  C:\fastvps_monitoring\arcconf\arcconf.exe getsmartstats 1 
 4036  | Sun Nov 05 06:53:17 2017  Status: success, ReturnCode: 0x0
 3064  | Sun Nov 05 06:53:45 2017  C:\fastvps_monitoring\arcconf\arcconf.exe getconfig 1 ld 0 
 3064  | Sun Nov 05 06:53:45 2017  Status: success, ReturnCode: 0x0
 1548  | Sun Nov 05 06:55:37 2017  C:\fastvps_monitoring\arcconf\arcconf.exe GETCONFIG 1 LD 
 1548  | Sun Nov 05 06:55:37 2017  Status: success, ReturnCode: 0x0
 3100  | Sun Nov 05 06:55:37 2017  C:\fastvps_monitoring\arcconf\arcconf.exe GETCONFIG 1 LD 0 
 3100  | Sun Nov 05 06:55:38 2017  Status: success, ReturnCode: 0x0
 3508  | Sun Nov 05 06:55:38 2017  C:\fastvps_monitoring\arcconf\arcconf.exe getsmartstats 1 
 3508  | Sun Nov 05 06:55:38 2017  Status: success, ReturnCode: 0x0
 4028  | Sun Nov 05 06:55:41 2017  C:\fastvps_monitoring\arcconf\arcconf.exe GETCONFIG 1 LD 
 4028  | Sun Nov 05 06:55:41 2017  Status: success, ReturnCode: 0x0
 208  | Sun Nov 05 06:55:41 2017  C:\fastvps_monitoring\arcconf\arcconf.exe GETCONFIG 1 LD 0 
 208  | Sun Nov 05 06:55:42 2017  Status: success, ReturnCode: 0x0
 3952  | Sun Nov 05 06:55:42 2017  C:\fastvps_monitoring\arcconf\arcconf.exe getsmartstats 1 
 3952  | Sun Nov 05 06:55:42 2017  Status: success, ReturnCode: 0x0
 3792  | Sun Nov 05 06:57:11 2017  C:\fastvps_monitoring\arcconf\arcconf.exe GETCONFIG 1 LD 
 3792  | Sun Nov 05 06:57:11 2017  Status: success, ReturnCode: 0x0
 1924  | Sun Nov 05 06:57:11 2017  C:\fastvps_monitoring\arcconf\arcconf.exe GETCONFIG 1 LD 0 
 1924  | Sun Nov 05 06:57:11 2017  Status: success, ReturnCode: 0x0
 3492  | Sun Nov 05 06:57:11 2017  C:\fastvps_monitoring\arcconf\arcconf.exe getsmartstats 1 
 3492  | Sun Nov 05 06:57:11 2017  Status: success, ReturnCode: 0x0
 3108  | Sun Nov 05 06:57:42 2017  C:\fastvps_monitoring\arcconf\arcconf.exe GETCONFIG 1 LD 
 3108  | Sun Nov 05 06:57:42 2017  Status: success, ReturnCode: 0x0
 3800  | Sun Nov 05 06:57:42 2017  C:\fastvps_monitoring\arcconf\arcconf.exe GETCONFIG 1 LD 0 
 3800  | Sun Nov 05 06:57:42 2017  Status: success, ReturnCode: 0x0
 3656  | Sun Nov 05 06:57:42 2017  C:\fastvps_monitoring\arcconf\arcconf.exe getsmartstats 1 
 3656  | Sun Nov 05 06:57:43 2017  Status: success, ReturnCode: 0x0
 2864  | Sun Nov 05 06:58:58 2017  C:\fastvps_monitoring\arcconf\arcconf.exe GETCONFIG 1 LD 
 2864  | Sun Nov 05 06:58:58 2017  Status: success, ReturnCode: 0x0
 3740  | Sun Nov 05 06:58:58 2017  C:\fastvps_monitoring\arcconf\arcconf.exe GETCONFIG 1 LD 0 
 3740  | Sun Nov 05 06:58:58 2017  Status: success, ReturnCode: 0x0
 2700  | Sun Nov 05 06:58:58 2017  C:\fastvps_monitoring\arcconf\arcconf.exe getsmartstats 1 
 2700  | Sun Nov 05 06:58:59 2017  Status: success, ReturnCode: 0x0
 2592  | Sun Nov 05 06:59:13 2017  C:\fastvps_monitoring\arcconf\arcconf.exe GETCONFIG 1 LD 
 2592  | Sun Nov 05 06:59:13 2017  Status: success, ReturnCode: 0x0
 2388  | Sun Nov 05 06:59:13 2017  C:\fastvps_monitoring\arcconf\arcconf.exe GETCONFIG 1 LD 0 
 2388  | Sun Nov 05 06:59:14 2017  Status: success, ReturnCode: 0x0
 3184  | Sun Nov 05 06:59:14 2017  C:\fastvps_monitoring\arcconf\arcconf.exe getsmartstats 1 
 3184  | Sun Nov 05 06:59:14 2017  Status: success, ReturnCode: 0x0
 3248  | Sun Nov 05 06:59:33 2017  C:\fastvps_monitoring\arcconf\arcconf.exe GETCONFIG 1 LD 
 3248  | Sun Nov 05 06:59:33 2017  Status: success, ReturnCode: 0x0
 144  | Sun Nov 05 06:59:33 2017  C:\fastvps_monitoring\arcconf\arcconf.exe GETCONFIG 1 LD 0 
 144  | Sun Nov 05 06:59:33 2017  Status: success, ReturnCode: 0x0
 4040  | Sun Nov 05 06:59:33 2017  C:\fastvps_monitoring\arcconf\arcconf.exe getsmartstats 1 
 4040  | Sun Nov 05 06:59:34 2017  Status: success, ReturnCode: 0x0
 2532  | Sun Nov 05 07:00:01 2017  C:\fastvps_monitoring\arcconf\arcconf.exe GETCONFIG 1 LD 
 2532  | Sun Nov 05 07:00:01 2017  Status: success, ReturnCode: 0x0
 1432  | Sun Nov 05 07:00:01 2017  C:\fastvps_monitoring\arcconf\arcconf.exe GETCONFIG 1 LD 0 
 1432  | Sun Nov 05 07:00:02 2017  Status: success, ReturnCode: 0x0
 3304  | Sun Nov 05 07:00:02 2017  C:\fastvps_monitoring\arcconf\arcconf.exe getsmartstats 1 
 3304  | Sun Nov 05 07:00:02 2017  Status: success, ReturnCode: 0x0
 3884  | Sun Nov 05 07:01:42 2017  C:\fastvps_monitoring\arcconf\arcconf.exe GETCONFIG 1 LD 
 3884  | Sun Nov 05 07:01:42 2017  Status: success, ReturnCode: 0x0
 3020  | Sun Nov 05 07:01:42 2017  C:\fastvps_monitoring\arcconf\arcconf.exe GETCONFIG 1 LD 0 
 3020  | Sun Nov 05 07:01:42 2017  Status: success, ReturnCode: 0x0
 3216  | Sun Nov 05 07:01:42 2017  C:\fastvps_monitoring\arcconf\arcconf.exe getsmartstats 1 
 3216  | Sun Nov 05 07:01:42 2017  Status: success, ReturnCode: 0x0
 3068  | Sun Nov 05 07:02:53 2017  C:\fastvps_monitoring\arcconf\arcconf.exe GETCONFIG 1 LD 
 3068  | Sun Nov 05 07:02:53 2017  Status: success, ReturnCode: 0x0
 2968  | Sun Nov 05 07:02:53 2017  C:\fastvps_monitoring\arcconf\arcconf.exe GETCONFIG 1 LD 0 
 2968  | Sun Nov 05 07:02:53 2017  Status: success, ReturnCode: 0x0
 4092  | Sun Nov 05 07:03:46 2017  C:\fastvps_monitoring\arcconf\arcconf.exe GETCONFIG 1 LD 
 4092  | Sun Nov 05 07:03:46 2017  Status: success, ReturnCode: 0x0
 940  | Sun Nov 05 07:03:46 2017  C:\fastvps_monitoring\arcconf\arcconf.exe GETCONFIG 1 LD 0 
 940  | Sun Nov 05 07:03:46 2017  Status: success, ReturnCode: 0x0
 2576  | Sun Nov 05 07:03:46 2017  C:\fastvps_monitoring\arcconf\arcconf.exe getsmartstats 1 
 2576  | Sun Nov 05 07:03:47 2017  Status: success, ReturnCode: 0x0
 3316  | Sun Nov 05 07:05:34 2017  C:\fastvps_monitoring\arcconf\arcconf.exe GETCONFIG 1 LD 
 3316  | Sun Nov 05 07:05:34 2017  Status: success, ReturnCode: 0x0
 3960  | Sun Nov 05 07:05:34 2017  C:\fastvps_monitoring\arcconf\arcconf.exe GETCONFIG 1 LD 0 
 3960  | Sun Nov 05 07:05:34 2017  Status: success, ReturnCode: 0x0
 3496  | Sun Nov 05 07:05:34 2017  C:\fastvps_monitoring\arcconf\arcconf.exe getsmartstats 1 
 3496  | Sun Nov 05 07:05:34 2017  Status: success, ReturnCode: 0x0
 3256  | Sun Nov 05 07:06:49 2017  C:\fastvps_monitoring\arcconf\arcconf.exe GETCONFIG 1 LD 
 3256  | Sun Nov 05 07:06:49 2017  Status: success, ReturnCode: 0x0
 2680  | Sun Nov 05 07:06:49 2017  C:\fastvps_monitoring\arcconf\arcconf.exe GETCONFIG 1 LD 0 
 2680  | Sun Nov 05 07:06:49 2017  Status: success, ReturnCode: 0x0
 744  | Sun Nov 05 07:06:49 2017  C:\fastvps_monitoring\arcconf\arcconf.exe getsmartstats 1 
 744  | Sun Nov 05 07:06:49 2017  Status: success, ReturnCode: 0x0
 2568  | Sun Nov 05 07:07:35 2017  C:\fastvps_monitoring\arcconf\arcconf.exe GETCONFIG 1 LD 
 2568  | Sun Nov 05 07:07:35 2017  Status: success, ReturnCode: 0x0
 1084  | Sun Nov 05 07:07:35 2017  C:\fastvps_monitoring\arcconf\arcconf.exe GETCONFIG 1 LD 0 
 1084  | Sun Nov 05 07:07:35 2017  Status: success, ReturnCode: 0x0
 3952  | Sun Nov 05 07:07:35 2017  C:\fastvps_monitoring\arcconf\arcconf.exe getsmartstats 1 
 3952  | Sun Nov 05 07:07:36 2017  Status: success, ReturnCode: 0x0
 400  | Sun Nov 05 07:08:09 2017  C:\fastvps_monitoring\arcconf\arcconf.exe GETCONFIG 1 LD 
 400  | Sun Nov 05 07:08:09 2017  Status: success, ReturnCode: 0x0
 2352  | Sun Nov 05 07:08:09 2017  C:\fastvps_monitoring\arcconf\arcconf.exe GETCONFIG 1 LD 0 
 2352  | Sun Nov 05 07:08:09 2017  Status: success, ReturnCode: 0x0
 2460  | Sun Nov 05 07:08:09 2017  C:\fastvps_monitoring\arcconf\arcconf.exe getsmartstats 1 
 2460  | Sun Nov 05 07:08:09 2017  Status: success, ReturnCode: 0x0
 3088  | Sun Nov 05 07:10:13 2017  C:\fastvps_monitoring\arcconf\arcconf.exe GETCONFIG 1 LD 
 3088  | Sun Nov 05 07:10:13 2017  Status: success, ReturnCode: 0x0
 3508  | Sun Nov 05 07:10:13 2017  C:\fastvps_monitoring\arcconf\arcconf.exe GETCONFIG 1 LD 0 
 3508  | Sun Nov 05 07:10:13 2017  Status: success, ReturnCode: 0x0
 3092  | Sun Nov 05 07:10:13 2017  C:\fastvps_monitoring\arcconf\arcconf.exe getsmartstats 1 
 3092  | Sun Nov 05 07:10:13 2017  Status: success, ReturnCode: 0x0
 1636  | Sun Nov 05 07:11:08 2017  C:\fastvps_monitoring\arcconf\arcconf.exe GETCONFIG 1 LD 
 1636  | Sun Nov 05 07:11:08 2017  Status: success, ReturnCode: 0x0
 2312  | Sun Nov 05 07:11:08 2017  C:\fastvps_monitoring\arcconf\arcconf.exe GETCONFIG 1 LD 0 
 2312  | Sun Nov 05 07:11:09 2017  Status: success, ReturnCode: 0x0
 2352  | Sun Nov 05 07:11:09 2017  C:\fastvps_monitoring\arcconf\arcconf.exe getsmartstats 1 
 2352  | Sun Nov 05 07:11:09 2017  Status: success, ReturnCode: 0x0
 3160  | Sun Nov 05 07:11:39 2017  C:\fastvps_monitoring\arcconf\arcconf.exe GETCONFIG 1 LD 
 3160  | Sun Nov 05 07:11:40 2017  Status: success, ReturnCode: 0x0
 3996  | Sun Nov 05 07:11:40 2017  C:\fastvps_monitoring\arcconf\arcconf.exe GETCONFIG 1 LD 0 
 3996  | Sun Nov 05 07:11:40 2017  Status: success, ReturnCode: 0x0
 3692  | Sun Nov 05 07:11:40 2017  C:\fastvps_monitoring\arcconf\arcconf.exe getsmartstats 1 
 3692  | Sun Nov 05 07:11:40 2017  Status: success, ReturnCode: 0x0
 2772  | Sun Nov 05 07:11:55 2017  C:\fastvps_monitoring\arcconf\arcconf.exe GETCONFIG 1 LD 
 2772  | Sun Nov 05 07:11:56 2017  Status: success, ReturnCode: 0x0
 148  | Sun Nov 05 07:11:56 2017  C:\fastvps_monitoring\arcconf\arcconf.exe GETCONFIG 1 LD 0 
 148  | Sun Nov 05 07:11:56 2017  Status: success, ReturnCode: 0x0
 2636  | Sun Nov 05 07:11:56 2017  C:\fastvps_monitoring\arcconf\arcconf.exe getsmartstats 1 
 2636  | Sun Nov 05 07:11:56 2017  Status: success, ReturnCode: 0x0
 2728  | Sun Nov 05 07:12:17 2017  C:\fastvps_monitoring\arcconf\arcconf.exe GETCONFIG 1 LD 
 2728  | Sun Nov 05 07:12:17 2017  Status: success, ReturnCode: 0x0
 4092  | Sun Nov 05 07:12:17 2017  C:\fastvps_monitoring\arcconf\arcconf.exe GETCONFIG 1 LD 0 
 4092  | Sun Nov 05 07:12:18 2017  Status: success, ReturnCode: 0x0
 4044  | Sun Nov 05 07:12:18 2017  C:\fastvps_monitoring\arcconf\arcconf.exe getsmartstats 1 
 4044  | Sun Nov 05 07:12:18 2017  Status: success, ReturnCode: 0x0
 3028  | Sun Nov 05 07:12:54 2017  C:\fastvps_monitoring\arcconf\arcconf.exe GETCONFIG 1 LD 
 3028  | Sun Nov 05 07:12:54 2017  Status: success, ReturnCode: 0x0
 200  | Sun Nov 05 07:12:55 2017  C:\fastvps_monitoring\arcconf\arcconf.exe GETCONFIG 1 LD 0 
 200  | Sun Nov 05 07:12:55 2017  Status: success, ReturnCode: 0x0
 3200  | Sun Nov 05 07:12:55 2017  C:\fastvps_monitoring\arcconf\arcconf.exe getsmartstats 1 
 3200  | Sun Nov 05 07:12:55 2017  Status: success, ReturnCode: 0x0
 4020  | Sun Nov 05 07:15:19 2017  C:\fastvps_monitoring\arcconf\arcconf.exe GETCONFIG 1 LD 
 4020  | Sun Nov 05 07:15:19 2017  Status: success, ReturnCode: 0x0
 3800  | Sun Nov 05 07:15:19 2017  C:\fastvps_monitoring\arcconf\arcconf.exe GETCONFIG 1 LD 0 
 3800  | Sun Nov 05 07:15:19 2017  Status: success, ReturnCode: 0x0
 1272  | Sun Nov 05 07:15:19 2017  C:\fastvps_monitoring\arcconf\arcconf.exe getsmartstats 1 
 1272  | Sun Nov 05 07:15:19 2017  Status: success, ReturnCode: 0x0
 2568  | Sun Nov 05 07:15:48 2017  C:\fastvps_monitoring\arcconf\arcconf.exe GETCONFIG 1 LD 
 2568  | Sun Nov 05 07:15:49 2017  Status: success, ReturnCode: 0x0
 3644  | Sun Nov 05 07:15:49 2017  C:\fastvps_monitoring\arcconf\arcconf.exe GETCONFIG 1 LD 0 
 3644  | Sun Nov 05 07:15:49 2017  Status: success, ReturnCode: 0x0
 2352  | Sun Nov 05 07:15:49 2017  C:\fastvps_monitoring\arcconf\arcconf.exe getsmartstats 1 
 2352  | Sun Nov 05 07:15:49 2017  Status: success, ReturnCode: 0x0
 3772  | Sun Nov 05 07:17:35 2017  C:\fastvps_monitoring\arcconf\arcconf.exe GETCONFIG 1 LD 
 3772  | Sun Nov 05 07:17:36 2017  Status: success, ReturnCode: 0x0
 2876  | Sun Nov 05 07:17:36 2017  C:\fastvps_monitoring\arcconf\arcconf.exe GETCONFIG 1 LD 0 
 2876  | Sun Nov 05 07:17:36 2017  Status: success, ReturnCode: 0x0
 1432  | Sun Nov 05 07:17:36 2017  C:\fastvps_monitoring\arcconf\arcconf.exe getsmartstats 1 
 1432  | Sun Nov 05 07:17:36 2017  Status: success, ReturnCode: 0x0
 3772  | Sun Nov 05 07:32:22 2017  C:\fastvps_monitoring\arcconf\arcconf.exe GETCONFIG 1 LD 
 3772  | Sun Nov 05 07:32:22 2017  Status: success, ReturnCode: 0x0
 3728  | Sun Nov 05 07:32:22 2017  C:\fastvps_monitoring\arcconf\arcconf.exe GETCONFIG 1 LD 0 
 3728  | Sun Nov 05 07:32:22 2017  Status: success, ReturnCode: 0x0
 920  | Sun Nov 05 07:32:22 2017  C:\fastvps_monitoring\arcconf\arcconf.exe getsmartstats 1 
 920  | Sun Nov 05 07:32:22 2017  Status: success, ReturnCode: 0x0
 744  | Sun Nov 05 07:35:59 2017  C:\fastvps_monitoring\arcconf\arcconf.exe GETCONFIG 1 LD 
 744  | Sun Nov 05 07:35:59 2017  Status: success, ReturnCode: 0x0
 1936  | Sun Nov 05 07:35:59 2017  C:\fastvps_monitoring\arcconf\arcconf.exe GETCONFIG 1 LD 0 
 1936  | Sun Nov 05 07:35:59 2017  Status: success, ReturnCode: 0x0
 1208  | Sun Nov 05 07:35:59 2017  C:\fastvps_monitoring\arcconf\arcconf.exe getsmartstats 1 
 1208  | Sun Nov 05 07:35:59 2017  Status: success, ReturnCode: 0x0
 2648  | Sun Nov 05 07:37:01 2017  C:\fastvps_monitoring\arcconf\arcconf.exe GETCONFIG 1 LD 
 2648  | Sun Nov 05 07:37:02 2017  Status: success, ReturnCode: 0x0
 3684  | Sun Nov 05 07:37:02 2017  C:\fastvps_monitoring\arcconf\arcconf.exe GETCONFIG 1 LD 0 
 3684  | Sun Nov 05 07:37:02 2017  Status: success, ReturnCode: 0x0
 2368  | Sun Nov 05 07:37:02 2017  C:\fastvps_monitoring\arcconf\arcconf.exe getsmartstats 1 
 2368  | Sun Nov 05 07:37:02 2017  Status: success, ReturnCode: 0x0
 2360  | Sun Nov 05 07:39:30 2017  C:\fastvps_monitoring\arcconf\arcconf.exe GETCONFIG 1 LD 
 2360  | Sun Nov 05 07:39:30 2017  Status: success, ReturnCode: 0x0
 3088  | Sun Nov 05 07:39:30 2017  C:\fastvps_monitoring\arcconf\arcconf.exe GETCONFIG 1 LD 0 
 3088  | Sun Nov 05 07:39:30 2017  Status: success, ReturnCode: 0x0
 4004  | Sun Nov 05 07:39:30 2017  C:\fastvps_monitoring\arcconf\arcconf.exe getsmartstats 1 
 4004  | Sun Nov 05 07:39:30 2017  Status: success, ReturnCode: 0x0
 2200  | Sun Nov 05 07:40:23 2017  C:\fastvps_monitoring\arcconf\arcconf.exe GETCONFIG 1 LD 
 2200  | Sun Nov 05 07:40:23 2017  Status: success, ReturnCode: 0x0
 2972  | Sun Nov 05 07:40:23 2017  C:\fastvps_monitoring\arcconf\arcconf.exe GETCONFIG 1 LD 0 
 2972  | Sun Nov 05 07:40:23 2017  Status: success, ReturnCode: 0x0
 1928  | Sun Nov 05 07:40:23 2017  C:\fastvps_monitoring\arcconf\arcconf.exe getsmartstats 1 
 2472  | Sun Nov 05 07:42:17 2017  C:\fastvps_monitoring\arcconf\arcconf.exe getconfig 1 pd 
 2472  | Sun Nov 05 07:42:17 2017  Status: success, ReturnCode: 0x0
